TRACE::2023-05-08.19:59:03::SCWPlatform::Trying to open the hw design at D:/fpga_projects/SDUP/projekt/vitis_ws/system_top_wrapper/hw/system_top_wrapper.xsa
TRACE::2023-05-08.19:59:03::SCWPlatform::DSA given D:/fpga_projects/SDUP/projekt/vitis_ws/system_top_wrapper/hw/system_top_wrapper.xsa
TRACE::2023-05-08.19:59:03::SCWPlatform::DSA absoulate path D:/fpga_projects/SDUP/projekt/vitis_ws/system_top_wrapper/hw/system_top_wrapper.xsa
TRACE::2023-05-08.19:59:03::SCWPlatform::DSA directory D:/fpga_projects/SDUP/projekt/vitis_ws/system_top_wrapper/hw
TRACE::2023-05-08.19:59:03::SCWPlatform:: Platform Path D:/fpga_projects/SDUP/projekt/vitis_ws/system_top_wrapper/hw/system_top_wrapper.xsa
TRACE::2023-05-08.19:59:03::SCWPlatform:: Unique name xilinx:cora-z7-07s::0.0
TRACE::2023-05-08.19:59:03::SCWPlatform::Do not have an existing db opened. 
TRACE::2023-05-08.19:59:03::SCWPlatform::Opened new HwDB with name system_top_wrapper_0
TRACE::2023-05-08.19:59:03::SCWWriter::formatted JSON is {
	"platformName":	"system_top_wrapper",
	"sprVersion":	"2.0",
	"mode":	"gui",
	"dsaType":	"Fixed",
	"platformDesc":	"system_top_wrapper",
	"platHandOff":	"D:/fpga_projects/SDUP/projekt/nlms_acc/system_top_wrapper.xsa",
	"platIntHandOff":	"<platformDir>/hw/system_top_wrapper.xsa",
	"deviceType":	"FPGA",
	"platIsPrebuiltAutogen":	"false",
	"platIsNoBootBsp":	"false",
	"hasFsblMakeHasChanges":	"false",
	"hasPmufwMakeHasChanges":	"false",
	"platPreBuiltFlag":	false,
	"platformSamplesDir":	""
}
TRACE::2023-05-08.19:59:03::SCWWriter::formatted JSON is {
	"platformName":	"system_top_wrapper",
	"sprVersion":	"2.0",
	"mode":	"gui",
	"dsaType":	"Fixed",
	"platformDesc":	"system_top_wrapper",
	"platHandOff":	"D:/fpga_projects/SDUP/projekt/nlms_acc/system_top_wrapper.xsa",
	"platIntHandOff":	"<platformDir>/hw/system_top_wrapper.xsa",
	"deviceType":	"FPGA",
	"platIsPrebuiltAutogen":	"false",
	"platIsNoBootBsp":	"false",
	"hasFsblMakeHasChanges":	"false",
	"hasPmufwMakeHasChanges":	"false",
	"platPreBuiltFlag":	false,
	"platformSamplesDir":	"",
	"platActiveSys":	"system_top_wrapper",
	"systems":	[{
			"systemName":	"system_top_wrapper",
			"systemDesc":	"system_top_wrapper",
			"sysIsBootAutoGen":	"true",
			"systemDispName":	"system_top_wrapper"
		}]
}
TRACE::2023-05-08.19:59:03::SCWPlatform::Boot application domains not present, creating them
TRACE::2023-05-08.19:59:03::SCWPlatform::Pure FPGA device, no boot application will be created.
TRACE::2023-05-08.19:59:03::SCWWriter::formatted JSON is {
	"platformName":	"system_top_wrapper",
	"sprVersion":	"2.0",
	"mode":	"gui",
	"dsaType":	"Fixed",
	"platformDesc":	"system_top_wrapper",
	"platHandOff":	"D:/fpga_projects/SDUP/projekt/nlms_acc/system_top_wrapper.xsa",
	"platIntHandOff":	"<platformDir>/hw/system_top_wrapper.xsa",
	"deviceType":	"FPGA",
	"platIsPrebuiltAutogen":	"false",
	"platIsNoBootBsp":	"false",
	"hasFsblMakeHasChanges":	"false",
	"hasPmufwMakeHasChanges":	"false",
	"platPreBuiltFlag":	false,
	"platformSamplesDir":	"",
	"platActiveSys":	"system_top_wrapper",
	"systems":	[{
			"systemName":	"system_top_wrapper",
			"systemDesc":	"system_top_wrapper",
			"sysIsBootAutoGen":	"true",
			"systemDispName":	"system_top_wrapper"
		}]
}
TRACE::2023-05-08.19:59:03::SCWWriter::formatted JSON is {
	"platformName":	"system_top_wrapper",
	"sprVersion":	"2.0",
	"mode":	"gui",
	"dsaType":	"Fixed",
	"platformDesc":	"system_top_wrapper",
	"platHandOff":	"D:/fpga_projects/SDUP/projekt/nlms_acc/system_top_wrapper.xsa",
	"platIntHandOff":	"<platformDir>/hw/system_top_wrapper.xsa",
	"deviceType":	"FPGA",
	"platIsPrebuiltAutogen":	"false",
	"platIsNoBootBsp":	"false",
	"hasFsblMakeHasChanges":	"false",
	"hasPmufwMakeHasChanges":	"false",
	"platPreBuiltFlag":	false,
	"platformSamplesDir":	"",
	"platActiveSys":	"system_top_wrapper",
	"systems":	[{
			"systemName":	"system_top_wrapper",
			"systemDesc":	"system_top_wrapper",
			"sysIsBootAutoGen":	"true",
			"systemDispName":	"system_top_wrapper"
		}]
}
TRACE::2023-05-08.19:59:03::SCWPlatform::Trying to open the hw design at D:/fpga_projects/SDUP/projekt/vitis_ws/system_top_wrapper/hw/system_top_wrapper.xsa
TRACE::2023-05-08.19:59:03::SCWPlatform::DSA given D:/fpga_projects/SDUP/projekt/vitis_ws/system_top_wrapper/hw/system_top_wrapper.xsa
TRACE::2023-05-08.19:59:03::SCWPlatform::DSA absoulate path D:/fpga_projects/SDUP/projekt/vitis_ws/system_top_wrapper/hw/system_top_wrapper.xsa
TRACE::2023-05-08.19:59:03::SCWPlatform::DSA directory D:/fpga_projects/SDUP/projekt/vitis_ws/system_top_wrapper/hw
TRACE::2023-05-08.19:59:03::SCWPlatform:: Platform Path D:/fpga_projects/SDUP/projekt/vitis_ws/system_top_wrapper/hw/system_top_wrapper.xsa
TRACE::2023-05-08.19:59:03::SCWPlatform:: Unique name xilinx:cora-z7-07s::0.0
TRACE::2023-05-08.19:59:03::SCWPlatform::Trying to set the existing hwdb with name system_top_wrapper_0
TRACE::2023-05-08.19:59:03::SCWPlatform::Opened existing hwdb system_top_wrapper_0
TRACE::2023-05-08.19:59:03::SCWPlatform::Found the Hw Db part of the input DSA
TRACE::2023-05-08.19:59:03::SCWPlatform::Trying to open the hw design at D:/fpga_projects/SDUP/projekt/vitis_ws/system_top_wrapper/hw/system_top_wrapper.xsa
TRACE::2023-05-08.19:59:03::SCWPlatform::DSA given D:/fpga_projects/SDUP/projekt/vitis_ws/system_top_wrapper/hw/system_top_wrapper.xsa
TRACE::2023-05-08.19:59:03::SCWPlatform::DSA absoulate path D:/fpga_projects/SDUP/projekt/vitis_ws/system_top_wrapper/hw/system_top_wrapper.xsa
TRACE::2023-05-08.19:59:03::SCWPlatform::DSA directory D:/fpga_projects/SDUP/projekt/vitis_ws/system_top_wrapper/hw
TRACE::2023-05-08.19:59:03::SCWPlatform:: Platform Path D:/fpga_projects/SDUP/projekt/vitis_ws/system_top_wrapper/hw/system_top_wrapper.xsa
TRACE::2023-05-08.19:59:03::SCWPlatform:: Unique name xilinx:cora-z7-07s::0.0
TRACE::2023-05-08.19:59:03::SCWPlatform::Trying to set the existing hwdb with name system_top_wrapper_0
TRACE::2023-05-08.19:59:03::SCWPlatform::Opened existing hwdb system_top_wrapper_0
TRACE::2023-05-08.19:59:03::SCWPlatform::Found the Hw Db part of the input DSA
TRACE::2023-05-08.19:59:03::SCWDomain::checking for install qemu data   : 
TRACE::2023-05-08.19:59:03::SCWPlatform::Trying to open the hw design at D:/fpga_projects/SDUP/projekt/vitis_ws/system_top_wrapper/hw/system_top_wrapper.xsa
TRACE::2023-05-08.19:59:03::SCWPlatform::DSA given D:/fpga_projects/SDUP/projekt/vitis_ws/system_top_wrapper/hw/system_top_wrapper.xsa
TRACE::2023-05-08.19:59:03::SCWPlatform::DSA absoulate path D:/fpga_projects/SDUP/projekt/vitis_ws/system_top_wrapper/hw/system_top_wrapper.xsa
TRACE::2023-05-08.19:59:03::SCWPlatform::DSA directory D:/fpga_projects/SDUP/projekt/vitis_ws/system_top_wrapper/hw
TRACE::2023-05-08.19:59:03::SCWPlatform:: Platform Path D:/fpga_projects/SDUP/projekt/vitis_ws/system_top_wrapper/hw/system_top_wrapper.xsa
TRACE::2023-05-08.19:59:03::SCWPlatform:: Unique name xilinx:cora-z7-07s::0.0
TRACE::2023-05-08.19:59:03::SCWPlatform::Trying to set the existing hwdb with name system_top_wrapper_0
TRACE::2023-05-08.19:59:03::SCWPlatform::Opened existing hwdb system_top_wrapper_0
TRACE::2023-05-08.19:59:03::SCWPlatform::Found the Hw Db part of the input DSA
TRACE::2023-05-08.19:59:03::SCWPlatform::Trying to open the hw design at D:/fpga_projects/SDUP/projekt/vitis_ws/system_top_wrapper/hw/system_top_wrapper.xsa
TRACE::2023-05-08.19:59:03::SCWPlatform::DSA given D:/fpga_projects/SDUP/projekt/vitis_ws/system_top_wrapper/hw/system_top_wrapper.xsa
TRACE::2023-05-08.19:59:03::SCWPlatform::DSA absoulate path D:/fpga_projects/SDUP/projekt/vitis_ws/system_top_wrapper/hw/system_top_wrapper.xsa
TRACE::2023-05-08.19:59:03::SCWPlatform::DSA directory D:/fpga_projects/SDUP/projekt/vitis_ws/system_top_wrapper/hw
TRACE::2023-05-08.19:59:03::SCWPlatform:: Platform Path D:/fpga_projects/SDUP/projekt/vitis_ws/system_top_wrapper/hw/system_top_wrapper.xsa
TRACE::2023-05-08.19:59:03::SCWPlatform:: Unique name xilinx:cora-z7-07s::0.0
TRACE::2023-05-08.19:59:03::SCWPlatform::Trying to set the existing hwdb with name system_top_wrapper_0
TRACE::2023-05-08.19:59:03::SCWPlatform::Opened existing hwdb system_top_wrapper_0
TRACE::2023-05-08.19:59:03::SCWPlatform::Found the Hw Db part of the input DSA
TRACE::2023-05-08.19:59:03::SCWPlatform::Trying to open the hw design at D:/fpga_projects/SDUP/projekt/vitis_ws/system_top_wrapper/hw/system_top_wrapper.xsa
TRACE::2023-05-08.19:59:03::SCWPlatform::DSA given D:/fpga_projects/SDUP/projekt/vitis_ws/system_top_wrapper/hw/system_top_wrapper.xsa
TRACE::2023-05-08.19:59:03::SCWPlatform::DSA absoulate path D:/fpga_projects/SDUP/projekt/vitis_ws/system_top_wrapper/hw/system_top_wrapper.xsa
TRACE::2023-05-08.19:59:03::SCWPlatform::DSA directory D:/fpga_projects/SDUP/projekt/vitis_ws/system_top_wrapper/hw
TRACE::2023-05-08.19:59:03::SCWPlatform:: Platform Path D:/fpga_projects/SDUP/projekt/vitis_ws/system_top_wrapper/hw/system_top_wrapper.xsa
TRACE::2023-05-08.19:59:03::SCWPlatform:: Unique name xilinx:cora-z7-07s::0.0
TRACE::2023-05-08.19:59:03::SCWPlatform::Trying to set the existing hwdb with name system_top_wrapper_0
TRACE::2023-05-08.19:59:03::SCWPlatform::Opened existing hwdb system_top_wrapper_0
TRACE::2023-05-08.19:59:03::SCWPlatform::Found the Hw Db part of the input DSA
TRACE::2023-05-08.19:59:03::SCWMssOS::Checking the sw design at  D:/fpga_projects/SDUP/projekt/vitis_ws/system_top_wrapper/microblaze_0/standalone_microblaze_0/bsp/system.mss
TRACE::2023-05-08.19:59:03::SCWMssOS::DEBUG:  swdes dump  
TRACE::2023-05-08.19:59:03::SCWMssOS::No sw design opened at  D:/fpga_projects/SDUP/projekt/vitis_ws/system_top_wrapper/microblaze_0/standalone_microblaze_0/bsp/system.mss
TRACE::2023-05-08.19:59:03::SCWMssOS::mss does not exists at D:/fpga_projects/SDUP/projekt/vitis_ws/system_top_wrapper/microblaze_0/standalone_microblaze_0/bsp/system.mss
TRACE::2023-05-08.19:59:03::SCWMssOS::Creating sw design at  D:/fpga_projects/SDUP/projekt/vitis_ws/system_top_wrapper/microblaze_0/standalone_microblaze_0/bsp/system.mss
TRACE::2023-05-08.19:59:03::SCWMssOS::Adding the swdes entry, created swdb D:/fpga_projects/SDUP/projekt/vitis_ws/system_top_wrapper/microblaze_0/standalone_microblaze_0/bsp/system.mss with des name D:/fpga_projects/SDUP/projekt/vitis_ws/system_top_wrapper/microblaze_0/standalone_microblaze_0/bsp/system.mss
TRACE::2023-05-08.19:59:03::SCWMssOS::updating the scw layer changes to swdes at   D:/fpga_projects/SDUP/projekt/vitis_ws/system_top_wrapper/microblaze_0/standalone_microblaze_0/bsp/system.mss
TRACE::2023-05-08.19:59:03::SCWMssOS::Writing mss at D:/fpga_projects/SDUP/projekt/vitis_ws/system_top_wrapper/microblaze_0/standalone_microblaze_0/bsp/system.mss
TRACE::2023-05-08.19:59:03::SCWMssOS::Completed writing the mss file at D:/fpga_projects/SDUP/projekt/vitis_ws/system_top_wrapper/microblaze_0/standalone_microblaze_0/bsp
TRACE::2023-05-08.19:59:03::SCWMssOS::Picking up changes from newly written mss file into SCW Layer. 
TRACE::2023-05-08.19:59:03::SCWMssOS::Updated the changes from newly written mss file into SCW Layer. 
TRACE::2023-05-08.19:59:03::SCWMssOS::Completed writing the mss file at D:/fpga_projects/SDUP/projekt/vitis_ws/system_top_wrapper/microblaze_0/standalone_microblaze_0/bsp
TRACE::2023-05-08.19:59:03::SCWMssOS::Forcing BSP Sources regeneration.
TRACE::2023-05-08.19:59:17::SCWMssOS::Saving the mss changes D:/fpga_projects/SDUP/projekt/vitis_ws/system_top_wrapper/microblaze_0/standalone_microblaze_0/bsp/system.mss
TRACE::2023-05-08.19:59:17::SCWMssOS::Adding the swdes entry, mss present, able to open swdb D:/fpga_projects/SDUP/projekt/vitis_ws/system_top_wrapper/microblaze_0/standalone_microblaze_0/bsp/system.mss with des name system
TRACE::2023-05-08.19:59:17::SCWMssOS::Writing the mss file completed D:/fpga_projects/SDUP/projekt/vitis_ws/system_top_wrapper/microblaze_0/standalone_microblaze_0/bsp/system.mss
TRACE::2023-05-08.19:59:17::SCWMssOS::Commit changes completed.
TRACE::2023-05-08.19:59:17::SCWPlatform::Trying to open the hw design at D:/fpga_projects/SDUP/projekt/vitis_ws/system_top_wrapper/hw/system_top_wrapper.xsa
TRACE::2023-05-08.19:59:17::SCWPlatform::DSA given D:/fpga_projects/SDUP/projekt/vitis_ws/system_top_wrapper/hw/system_top_wrapper.xsa
TRACE::2023-05-08.19:59:17::SCWPlatform::DSA absoulate path D:/fpga_projects/SDUP/projekt/vitis_ws/system_top_wrapper/hw/system_top_wrapper.xsa
TRACE::2023-05-08.19:59:17::SCWPlatform::DSA directory D:/fpga_projects/SDUP/projekt/vitis_ws/system_top_wrapper/hw
TRACE::2023-05-08.19:59:17::SCWPlatform:: Platform Path D:/fpga_projects/SDUP/projekt/vitis_ws/system_top_wrapper/hw/system_top_wrapper.xsa
TRACE::2023-05-08.19:59:17::SCWPlatform:: Unique name xilinx:cora-z7-07s::0.0
TRACE::2023-05-08.19:59:17::SCWPlatform::Trying to set the existing hwdb with name system_top_wrapper_0
TRACE::2023-05-08.19:59:17::SCWPlatform::Opened existing hwdb system_top_wrapper_0
TRACE::2023-05-08.19:59:17::SCWPlatform::Found the Hw Db part of the input DSA
TRACE::2023-05-08.19:59:17::SCWMssOS::Checking the sw design at  D:/fpga_projects/SDUP/projekt/vitis_ws/system_top_wrapper/microblaze_0/standalone_microblaze_0/bsp/system.mss
TRACE::2023-05-08.19:59:17::SCWMssOS::DEBUG:  swdes dump  D:/fpga_projects/SDUP/projekt/vitis_ws/system_top_wrapper/microblaze_0/standalone_microblaze_0/bsp/system.mss|system||

TRACE::2023-05-08.19:59:17::SCWMssOS::Sw design exists and opened at  D:/fpga_projects/SDUP/projekt/vitis_ws/system_top_wrapper/microblaze_0/standalone_microblaze_0/bsp/system.mss
TRACE::2023-05-08.19:59:17::SCWPlatform::Trying to open the hw design at D:/fpga_projects/SDUP/projekt/vitis_ws/system_top_wrapper/hw/system_top_wrapper.xsa
TRACE::2023-05-08.19:59:17::SCWPlatform::DSA given D:/fpga_projects/SDUP/projekt/vitis_ws/system_top_wrapper/hw/system_top_wrapper.xsa
TRACE::2023-05-08.19:59:17::SCWPlatform::DSA absoulate path D:/fpga_projects/SDUP/projekt/vitis_ws/system_top_wrapper/hw/system_top_wrapper.xsa
TRACE::2023-05-08.19:59:17::SCWPlatform::DSA directory D:/fpga_projects/SDUP/projekt/vitis_ws/system_top_wrapper/hw
TRACE::2023-05-08.19:59:17::SCWPlatform:: Platform Path D:/fpga_projects/SDUP/projekt/vitis_ws/system_top_wrapper/hw/system_top_wrapper.xsa
TRACE::2023-05-08.19:59:17::SCWPlatform:: Unique name xilinx:cora-z7-07s::0.0
TRACE::2023-05-08.19:59:17::SCWPlatform::Trying to set the existing hwdb with name system_top_wrapper_0
TRACE::2023-05-08.19:59:17::SCWPlatform::Opened existing hwdb system_top_wrapper_0
TRACE::2023-05-08.19:59:17::SCWPlatform::Found the Hw Db part of the input DSA
TRACE::2023-05-08.19:59:17::SCWMssOS::Checking the sw design at  D:/fpga_projects/SDUP/projekt/vitis_ws/system_top_wrapper/microblaze_0/standalone_microblaze_0/bsp/system.mss
TRACE::2023-05-08.19:59:17::SCWMssOS::DEBUG:  swdes dump  D:/fpga_projects/SDUP/projekt/vitis_ws/system_top_wrapper/microblaze_0/standalone_microblaze_0/bsp/system.mss|system||

TRACE::2023-05-08.19:59:17::SCWMssOS::Sw design exists and opened at  D:/fpga_projects/SDUP/projekt/vitis_ws/system_top_wrapper/microblaze_0/standalone_microblaze_0/bsp/system.mss
TRACE::2023-05-08.19:59:17::SCWPlatform::Trying to open the hw design at D:/fpga_projects/SDUP/projekt/vitis_ws/system_top_wrapper/hw/system_top_wrapper.xsa
TRACE::2023-05-08.19:59:17::SCWPlatform::DSA given D:/fpga_projects/SDUP/projekt/vitis_ws/system_top_wrapper/hw/system_top_wrapper.xsa
TRACE::2023-05-08.19:59:17::SCWPlatform::DSA absoulate path D:/fpga_projects/SDUP/projekt/vitis_ws/system_top_wrapper/hw/system_top_wrapper.xsa
TRACE::2023-05-08.19:59:17::SCWPlatform::DSA directory D:/fpga_projects/SDUP/projekt/vitis_ws/system_top_wrapper/hw
TRACE::2023-05-08.19:59:17::SCWPlatform:: Platform Path D:/fpga_projects/SDUP/projekt/vitis_ws/system_top_wrapper/hw/system_top_wrapper.xsa
TRACE::2023-05-08.19:59:17::SCWPlatform:: Unique name xilinx:cora-z7-07s::0.0
TRACE::2023-05-08.19:59:17::SCWPlatform::Trying to set the existing hwdb with name system_top_wrapper_0
TRACE::2023-05-08.19:59:17::SCWPlatform::Opened existing hwdb system_top_wrapper_0
TRACE::2023-05-08.19:59:17::SCWPlatform::Found the Hw Db part of the input DSA
TRACE::2023-05-08.19:59:17::SCWMssOS::Checking the sw design at  D:/fpga_projects/SDUP/projekt/vitis_ws/system_top_wrapper/microblaze_0/standalone_microblaze_0/bsp/system.mss
TRACE::2023-05-08.19:59:17::SCWMssOS::DEBUG:  swdes dump  D:/fpga_projects/SDUP/projekt/vitis_ws/system_top_wrapper/microblaze_0/standalone_microblaze_0/bsp/system.mss|system||

TRACE::2023-05-08.19:59:17::SCWMssOS::Sw design exists and opened at  D:/fpga_projects/SDUP/projekt/vitis_ws/system_top_wrapper/microblaze_0/standalone_microblaze_0/bsp/system.mss
TRACE::2023-05-08.19:59:17::SCWWriter::formatted JSON is {
	"platformName":	"system_top_wrapper",
	"sprVersion":	"2.0",
	"mode":	"gui",
	"dsaType":	"Fixed",
	"platformDesc":	"system_top_wrapper",
	"platHandOff":	"D:/fpga_projects/SDUP/projekt/nlms_acc/system_top_wrapper.xsa",
	"platIntHandOff":	"<platformDir>/hw/system_top_wrapper.xsa",
	"deviceType":	"FPGA",
	"platIsPrebuiltAutogen":	"false",
	"platIsNoBootBsp":	"false",
	"hasFsblMakeHasChanges":	"false",
	"hasPmufwMakeHasChanges":	"false",
	"platPreBuiltFlag":	false,
	"platformSamplesDir":	"",
	"platActiveSys":	"system_top_wrapper",
	"systems":	[{
			"systemName":	"system_top_wrapper",
			"systemDesc":	"system_top_wrapper",
			"sysIsBootAutoGen":	"true",
			"systemDispName":	"system_top_wrapper",
			"sysActiveDom":	"standalone_microblaze_0",
			"sysDefaultDom":	"standalone_microblaze_0",
			"domains":	[{
					"domainName":	"standalone_microblaze_0",
					"domainDispName":	"standalone_microblaze_0",
					"domainDesc":	"standalone_microblaze_0",
					"processors":	"microblaze_0",
					"os":	"standalone",
					"sdxOs":	"standalone",
					"debugEnable":	"False",
					"domRuntimes":	["cpp"],
					"swRepo":	"",
					"mssOsVer":	"8.0",
					"mssFile":	"",
					"md5Digest":	"b541e41fb17671fb07841146dc01388d",
					"compatibleApp":	"empty_application",
					"domType":	"mssDomain",
					"arch":	"32-bit",
					"appSettings":	{
						"appCompilerFlags":	"",
						"appLinkerFlags":	""
					},
					"addedLibs":	[],
					"libOptions":	{
						"libsContainingOptions":	[]
					},
					"prebuiltLibs":	{
						"prebuiltIncPath":	[],
						"prebuiltLibPath":	[]
					},
					"isolation":	{
					}
				}]
		}]
}
LOG::2023-05-08.19:59:17::SCWPlatform::Started generating the artifacts platform system_top_wrapper
TRACE::2023-05-08.19:59:17::SCWPlatform::Sanity checking of platform is completed
LOG::2023-05-08.19:59:17::SCWPlatform::Started generating the artifacts for system configuration system_top_wrapper
LOG::2023-05-08.19:59:17::SCWSystem::Checking the domain standalone_microblaze_0
LOG::2023-05-08.19:59:17::SCWSystem::Not a boot domain 
LOG::2023-05-08.19:59:18::SCWSystem::Started Processing the domain standalone_microblaze_0
TRACE::2023-05-08.19:59:18::SCWDomain::Generating domain artifcats
TRACE::2023-05-08.19:59:18::SCWMssOS::Generating standalone artifcats
TRACE::2023-05-08.19:59:18::SCWMssOS:: Copying the user libraries. 
TRACE::2023-05-08.19:59:18::SCWPlatform::Trying to open the hw design at D:/fpga_projects/SDUP/projekt/vitis_ws/system_top_wrapper/hw/system_top_wrapper.xsa
TRACE::2023-05-08.19:59:18::SCWPlatform::DSA given D:/fpga_projects/SDUP/projekt/vitis_ws/system_top_wrapper/hw/system_top_wrapper.xsa
TRACE::2023-05-08.19:59:18::SCWPlatform::DSA absoulate path D:/fpga_projects/SDUP/projekt/vitis_ws/system_top_wrapper/hw/system_top_wrapper.xsa
TRACE::2023-05-08.19:59:18::SCWPlatform::DSA directory D:/fpga_projects/SDUP/projekt/vitis_ws/system_top_wrapper/hw
TRACE::2023-05-08.19:59:18::SCWPlatform:: Platform Path D:/fpga_projects/SDUP/projekt/vitis_ws/system_top_wrapper/hw/system_top_wrapper.xsa
TRACE::2023-05-08.19:59:18::SCWPlatform:: Unique name xilinx:cora-z7-07s::0.0
TRACE::2023-05-08.19:59:18::SCWPlatform::Trying to set the existing hwdb with name system_top_wrapper_0
TRACE::2023-05-08.19:59:18::SCWPlatform::Opened existing hwdb system_top_wrapper_0
TRACE::2023-05-08.19:59:18::SCWPlatform::Found the Hw Db part of the input DSA
TRACE::2023-05-08.19:59:18::SCWMssOS::Checking the sw design at  D:/fpga_projects/SDUP/projekt/vitis_ws/system_top_wrapper/microblaze_0/standalone_microblaze_0/bsp/system.mss
TRACE::2023-05-08.19:59:18::SCWMssOS::DEBUG:  swdes dump  D:/fpga_projects/SDUP/projekt/vitis_ws/system_top_wrapper/microblaze_0/standalone_microblaze_0/bsp/system.mss|system||

TRACE::2023-05-08.19:59:18::SCWMssOS::Sw design exists and opened at  D:/fpga_projects/SDUP/projekt/vitis_ws/system_top_wrapper/microblaze_0/standalone_microblaze_0/bsp/system.mss
TRACE::2023-05-08.19:59:18::SCWMssOS::Completed writing the mss file at D:/fpga_projects/SDUP/projekt/vitis_ws/system_top_wrapper/microblaze_0/standalone_microblaze_0/bsp
TRACE::2023-05-08.19:59:18::SCWMssOS::Mss edits present, copying mssfile into export location D:/fpga_projects/SDUP/projekt/vitis_ws/system_top_wrapper/microblaze_0/standalone_microblaze_0/bsp/system.mss
TRACE::2023-05-08.19:59:18::SCWMssOS::bsp generated is upto date with the mss file. Skipping bsp generation.
TRACE::2023-05-08.19:59:18::SCWMssOS::BSP is already built. skipping the bsp build ... 
TRACE::2023-05-08.19:59:18::SCWDomain::Skipping the build for domain :  standalone_microblaze_0
TRACE::2023-05-08.19:59:18::SCWMssOS::skipping the bsp build ... 
TRACE::2023-05-08.19:59:18::SCWMssOS::Copying to export directory.
TRACE::2023-05-08.19:59:18::SCWMssOS:: Checking if to create the Supporting Applications
TRACE::2023-05-08.19:59:18::SCWMssOS:: No Linux domain exists, trying to generate FSBL 
LOG::2023-05-08.19:59:18::SCWSystem::Completed Processing the domain standalone_microblaze_0
LOG::2023-05-08.19:59:18::SCWSystem::Completed Processing the sysconfig system_top_wrapper
LOG::2023-05-08.19:59:18::SCWPlatform::Completed generating the artifacts for system configuration system_top_wrapper
TRACE::2023-05-08.19:59:18::SCWPlatform::Started preparing the platform 
TRACE::2023-05-08.19:59:18::SCWSystem::Writing the bif file for system config system_top_wrapper
TRACE::2023-05-08.19:59:18::SCWSystem::dir created 
TRACE::2023-05-08.19:59:18::SCWSystem::Writing the bif 
TRACE::2023-05-08.19:59:18::SCWPlatform::Started writing the spfm file 
TRACE::2023-05-08.19:59:18::SCWPlatform::Started writing the xpfm file 
TRACE::2023-05-08.19:59:18::SCWPlatform::Completed generating the platform
TRACE::2023-05-08.19:59:18::SCWMssOS::Saving the mss changes D:/fpga_projects/SDUP/projekt/vitis_ws/system_top_wrapper/microblaze_0/standalone_microblaze_0/bsp/system.mss
TRACE::2023-05-08.19:59:18::SCWMssOS::Found a swdesign opened with the mssfile.
TRACE::2023-05-08.19:59:18::SCWMssOS::Completed writemss as part of save.
TRACE::2023-05-08.19:59:18::SCWMssOS::Commit changes completed.
TRACE::2023-05-08.19:59:18::SCWPlatform::Trying to open the hw design at D:/fpga_projects/SDUP/projekt/vitis_ws/system_top_wrapper/hw/system_top_wrapper.xsa
TRACE::2023-05-08.19:59:18::SCWPlatform::DSA given D:/fpga_projects/SDUP/projekt/vitis_ws/system_top_wrapper/hw/system_top_wrapper.xsa
TRACE::2023-05-08.19:59:18::SCWPlatform::DSA absoulate path D:/fpga_projects/SDUP/projekt/vitis_ws/system_top_wrapper/hw/system_top_wrapper.xsa
TRACE::2023-05-08.19:59:18::SCWPlatform::DSA directory D:/fpga_projects/SDUP/projekt/vitis_ws/system_top_wrapper/hw
TRACE::2023-05-08.19:59:18::SCWPlatform:: Platform Path D:/fpga_projects/SDUP/projekt/vitis_ws/system_top_wrapper/hw/system_top_wrapper.xsa
TRACE::2023-05-08.19:59:18::SCWPlatform:: Unique name xilinx:cora-z7-07s::0.0
TRACE::2023-05-08.19:59:18::SCWPlatform::Trying to set the existing hwdb with name system_top_wrapper_0
TRACE::2023-05-08.19:59:18::SCWPlatform::Opened existing hwdb system_top_wrapper_0
TRACE::2023-05-08.19:59:18::SCWPlatform::Found the Hw Db part of the input DSA
TRACE::2023-05-08.19:59:18::SCWMssOS::Checking the sw design at  D:/fpga_projects/SDUP/projekt/vitis_ws/system_top_wrapper/microblaze_0/standalone_microblaze_0/bsp/system.mss
TRACE::2023-05-08.19:59:18::SCWMssOS::DEBUG:  swdes dump  D:/fpga_projects/SDUP/projekt/vitis_ws/system_top_wrapper/microblaze_0/standalone_microblaze_0/bsp/system.mss|system||

TRACE::2023-05-08.19:59:18::SCWMssOS::Sw design exists and opened at  D:/fpga_projects/SDUP/projekt/vitis_ws/system_top_wrapper/microblaze_0/standalone_microblaze_0/bsp/system.mss
TRACE::2023-05-08.19:59:18::SCWPlatform::Trying to open the hw design at D:/fpga_projects/SDUP/projekt/vitis_ws/system_top_wrapper/hw/system_top_wrapper.xsa
TRACE::2023-05-08.19:59:18::SCWPlatform::DSA given D:/fpga_projects/SDUP/projekt/vitis_ws/system_top_wrapper/hw/system_top_wrapper.xsa
TRACE::2023-05-08.19:59:18::SCWPlatform::DSA absoulate path D:/fpga_projects/SDUP/projekt/vitis_ws/system_top_wrapper/hw/system_top_wrapper.xsa
TRACE::2023-05-08.19:59:18::SCWPlatform::DSA directory D:/fpga_projects/SDUP/projekt/vitis_ws/system_top_wrapper/hw
TRACE::2023-05-08.19:59:18::SCWPlatform:: Platform Path D:/fpga_projects/SDUP/projekt/vitis_ws/system_top_wrapper/hw/system_top_wrapper.xsa
TRACE::2023-05-08.19:59:18::SCWPlatform:: Unique name xilinx:cora-z7-07s::0.0
TRACE::2023-05-08.19:59:18::SCWPlatform::Trying to set the existing hwdb with name system_top_wrapper_0
TRACE::2023-05-08.19:59:18::SCWPlatform::Opened existing hwdb system_top_wrapper_0
TRACE::2023-05-08.19:59:18::SCWPlatform::Found the Hw Db part of the input DSA
TRACE::2023-05-08.19:59:18::SCWMssOS::Checking the sw design at  D:/fpga_projects/SDUP/projekt/vitis_ws/system_top_wrapper/microblaze_0/standalone_microblaze_0/bsp/system.mss
TRACE::2023-05-08.19:59:18::SCWMssOS::DEBUG:  swdes dump  D:/fpga_projects/SDUP/projekt/vitis_ws/system_top_wrapper/microblaze_0/standalone_microblaze_0/bsp/system.mss|system||

TRACE::2023-05-08.19:59:18::SCWMssOS::Sw design exists and opened at  D:/fpga_projects/SDUP/projekt/vitis_ws/system_top_wrapper/microblaze_0/standalone_microblaze_0/bsp/system.mss
TRACE::2023-05-08.19:59:18::SCWPlatform::Trying to open the hw design at D:/fpga_projects/SDUP/projekt/vitis_ws/system_top_wrapper/hw/system_top_wrapper.xsa
TRACE::2023-05-08.19:59:18::SCWPlatform::DSA given D:/fpga_projects/SDUP/projekt/vitis_ws/system_top_wrapper/hw/system_top_wrapper.xsa
TRACE::2023-05-08.19:59:18::SCWPlatform::DSA absoulate path D:/fpga_projects/SDUP/projekt/vitis_ws/system_top_wrapper/hw/system_top_wrapper.xsa
TRACE::2023-05-08.19:59:18::SCWPlatform::DSA directory D:/fpga_projects/SDUP/projekt/vitis_ws/system_top_wrapper/hw
TRACE::2023-05-08.19:59:18::SCWPlatform:: Platform Path D:/fpga_projects/SDUP/projekt/vitis_ws/system_top_wrapper/hw/system_top_wrapper.xsa
TRACE::2023-05-08.19:59:18::SCWPlatform:: Unique name xilinx:cora-z7-07s::0.0
TRACE::2023-05-08.19:59:18::SCWPlatform::Trying to set the existing hwdb with name system_top_wrapper_0
TRACE::2023-05-08.19:59:18::SCWPlatform::Opened existing hwdb system_top_wrapper_0
TRACE::2023-05-08.19:59:18::SCWPlatform::Found the Hw Db part of the input DSA
TRACE::2023-05-08.19:59:18::SCWMssOS::Checking the sw design at  D:/fpga_projects/SDUP/projekt/vitis_ws/system_top_wrapper/microblaze_0/standalone_microblaze_0/bsp/system.mss
TRACE::2023-05-08.19:59:18::SCWMssOS::DEBUG:  swdes dump  D:/fpga_projects/SDUP/projekt/vitis_ws/system_top_wrapper/microblaze_0/standalone_microblaze_0/bsp/system.mss|system||

TRACE::2023-05-08.19:59:18::SCWMssOS::Sw design exists and opened at  D:/fpga_projects/SDUP/projekt/vitis_ws/system_top_wrapper/microblaze_0/standalone_microblaze_0/bsp/system.mss
TRACE::2023-05-08.19:59:18::SCWWriter::formatted JSON is {
	"platformName":	"system_top_wrapper",
	"sprVersion":	"2.0",
	"mode":	"gui",
	"dsaType":	"Fixed",
	"platformDesc":	"system_top_wrapper",
	"platHandOff":	"D:/fpga_projects/SDUP/projekt/nlms_acc/system_top_wrapper.xsa",
	"platIntHandOff":	"<platformDir>/hw/system_top_wrapper.xsa",
	"deviceType":	"FPGA",
	"platIsPrebuiltAutogen":	"false",
	"platIsNoBootBsp":	"false",
	"hasFsblMakeHasChanges":	"false",
	"hasPmufwMakeHasChanges":	"false",
	"platPreBuiltFlag":	false,
	"platformSamplesDir":	"",
	"platActiveSys":	"system_top_wrapper",
	"systems":	[{
			"systemName":	"system_top_wrapper",
			"systemDesc":	"system_top_wrapper",
			"sysIsBootAutoGen":	"true",
			"systemDispName":	"system_top_wrapper",
			"sysActiveDom":	"standalone_microblaze_0",
			"sysDefaultDom":	"standalone_microblaze_0",
			"domains":	[{
					"domainName":	"standalone_microblaze_0",
					"domainDispName":	"standalone_microblaze_0",
					"domainDesc":	"standalone_microblaze_0",
					"processors":	"microblaze_0",
					"os":	"standalone",
					"sdxOs":	"standalone",
					"debugEnable":	"False",
					"domRuntimes":	["cpp"],
					"swRepo":	"",
					"mssOsVer":	"8.0",
					"mssFile":	"",
					"md5Digest":	"b541e41fb17671fb07841146dc01388d",
					"compatibleApp":	"empty_application",
					"domType":	"mssDomain",
					"arch":	"32-bit",
					"appSettings":	{
						"appCompilerFlags":	"",
						"appLinkerFlags":	""
					},
					"addedLibs":	[],
					"libOptions":	{
						"libsContainingOptions":	[]
					},
					"prebuiltLibs":	{
						"prebuiltIncPath":	[],
						"prebuiltLibPath":	[]
					},
					"isolation":	{
					}
				}]
		}]
}
KEYINFO::2023-05-08.19:59:18::SCWPlatform::updated the xpfm file.
TRACE::2023-05-08.19:59:18::SCWPlatform::Trying to open the hw design at D:/fpga_projects/SDUP/projekt/vitis_ws/system_top_wrapper/hw/system_top_wrapper.xsa
TRACE::2023-05-08.19:59:18::SCWPlatform::DSA given D:/fpga_projects/SDUP/projekt/vitis_ws/system_top_wrapper/hw/system_top_wrapper.xsa
TRACE::2023-05-08.19:59:18::SCWPlatform::DSA absoulate path D:/fpga_projects/SDUP/projekt/vitis_ws/system_top_wrapper/hw/system_top_wrapper.xsa
TRACE::2023-05-08.19:59:18::SCWPlatform::DSA directory D:/fpga_projects/SDUP/projekt/vitis_ws/system_top_wrapper/hw
TRACE::2023-05-08.19:59:18::SCWPlatform:: Platform Path D:/fpga_projects/SDUP/projekt/vitis_ws/system_top_wrapper/hw/system_top_wrapper.xsa
TRACE::2023-05-08.19:59:18::SCWPlatform:: Unique name xilinx:cora-z7-07s::0.0
TRACE::2023-05-08.19:59:18::SCWPlatform::Trying to set the existing hwdb with name system_top_wrapper_0
TRACE::2023-05-08.19:59:18::SCWPlatform::Opened existing hwdb system_top_wrapper_0
TRACE::2023-05-08.19:59:18::SCWPlatform::Found the Hw Db part of the input DSA
TRACE::2023-05-08.19:59:18::SCWMssOS::Checking the sw design at  D:/fpga_projects/SDUP/projekt/vitis_ws/system_top_wrapper/microblaze_0/standalone_microblaze_0/bsp/system.mss
TRACE::2023-05-08.19:59:18::SCWMssOS::DEBUG:  swdes dump  D:/fpga_projects/SDUP/projekt/vitis_ws/system_top_wrapper/microblaze_0/standalone_microblaze_0/bsp/system.mss|system||

TRACE::2023-05-08.19:59:18::SCWMssOS::Sw design exists and opened at  D:/fpga_projects/SDUP/projekt/vitis_ws/system_top_wrapper/microblaze_0/standalone_microblaze_0/bsp/system.mss
TRACE::2023-05-08.19:59:18::SCWMssOS::Saving the mss changes D:/fpga_projects/SDUP/projekt/vitis_ws/system_top_wrapper/microblaze_0/standalone_microblaze_0/bsp/system.mss
TRACE::2023-05-08.19:59:18::SCWMssOS::Found a swdesign opened with the mssfile.
TRACE::2023-05-08.19:59:18::SCWMssOS::Completed writemss as part of save.
TRACE::2023-05-08.19:59:18::SCWMssOS::Commit changes completed.
TRACE::2023-05-08.19:59:18::SCWPlatform::Trying to open the hw design at D:/fpga_projects/SDUP/projekt/vitis_ws/system_top_wrapper/hw/system_top_wrapper.xsa
TRACE::2023-05-08.19:59:18::SCWPlatform::DSA given D:/fpga_projects/SDUP/projekt/vitis_ws/system_top_wrapper/hw/system_top_wrapper.xsa
TRACE::2023-05-08.19:59:18::SCWPlatform::DSA absoulate path D:/fpga_projects/SDUP/projekt/vitis_ws/system_top_wrapper/hw/system_top_wrapper.xsa
TRACE::2023-05-08.19:59:18::SCWPlatform::DSA directory D:/fpga_projects/SDUP/projekt/vitis_ws/system_top_wrapper/hw
TRACE::2023-05-08.19:59:18::SCWPlatform:: Platform Path D:/fpga_projects/SDUP/projekt/vitis_ws/system_top_wrapper/hw/system_top_wrapper.xsa
TRACE::2023-05-08.19:59:18::SCWPlatform:: Unique name xilinx:cora-z7-07s::0.0
TRACE::2023-05-08.19:59:18::SCWPlatform::Trying to set the existing hwdb with name system_top_wrapper_0
TRACE::2023-05-08.19:59:18::SCWPlatform::Opened existing hwdb system_top_wrapper_0
TRACE::2023-05-08.19:59:18::SCWPlatform::Found the Hw Db part of the input DSA
TRACE::2023-05-08.19:59:18::SCWMssOS::Checking the sw design at  D:/fpga_projects/SDUP/projekt/vitis_ws/system_top_wrapper/microblaze_0/standalone_microblaze_0/bsp/system.mss
TRACE::2023-05-08.19:59:18::SCWMssOS::DEBUG:  swdes dump  D:/fpga_projects/SDUP/projekt/vitis_ws/system_top_wrapper/microblaze_0/standalone_microblaze_0/bsp/system.mss|system||

TRACE::2023-05-08.19:59:18::SCWMssOS::Sw design exists and opened at  D:/fpga_projects/SDUP/projekt/vitis_ws/system_top_wrapper/microblaze_0/standalone_microblaze_0/bsp/system.mss
TRACE::2023-05-08.19:59:18::SCWPlatform::Trying to open the hw design at D:/fpga_projects/SDUP/projekt/vitis_ws/system_top_wrapper/hw/system_top_wrapper.xsa
TRACE::2023-05-08.19:59:18::SCWPlatform::DSA given D:/fpga_projects/SDUP/projekt/vitis_ws/system_top_wrapper/hw/system_top_wrapper.xsa
TRACE::2023-05-08.19:59:18::SCWPlatform::DSA absoulate path D:/fpga_projects/SDUP/projekt/vitis_ws/system_top_wrapper/hw/system_top_wrapper.xsa
TRACE::2023-05-08.19:59:18::SCWPlatform::DSA directory D:/fpga_projects/SDUP/projekt/vitis_ws/system_top_wrapper/hw
TRACE::2023-05-08.19:59:18::SCWPlatform:: Platform Path D:/fpga_projects/SDUP/projekt/vitis_ws/system_top_wrapper/hw/system_top_wrapper.xsa
TRACE::2023-05-08.19:59:18::SCWPlatform:: Unique name xilinx:cora-z7-07s::0.0
TRACE::2023-05-08.19:59:18::SCWPlatform::Trying to set the existing hwdb with name system_top_wrapper_0
TRACE::2023-05-08.19:59:18::SCWPlatform::Opened existing hwdb system_top_wrapper_0
TRACE::2023-05-08.19:59:18::SCWPlatform::Found the Hw Db part of the input DSA
TRACE::2023-05-08.19:59:18::SCWMssOS::Checking the sw design at  D:/fpga_projects/SDUP/projekt/vitis_ws/system_top_wrapper/microblaze_0/standalone_microblaze_0/bsp/system.mss
TRACE::2023-05-08.19:59:18::SCWMssOS::DEBUG:  swdes dump  D:/fpga_projects/SDUP/projekt/vitis_ws/system_top_wrapper/microblaze_0/standalone_microblaze_0/bsp/system.mss|system||

TRACE::2023-05-08.19:59:18::SCWMssOS::Sw design exists and opened at  D:/fpga_projects/SDUP/projekt/vitis_ws/system_top_wrapper/microblaze_0/standalone_microblaze_0/bsp/system.mss
TRACE::2023-05-08.19:59:18::SCWPlatform::Trying to open the hw design at D:/fpga_projects/SDUP/projekt/vitis_ws/system_top_wrapper/hw/system_top_wrapper.xsa
TRACE::2023-05-08.19:59:18::SCWPlatform::DSA given D:/fpga_projects/SDUP/projekt/vitis_ws/system_top_wrapper/hw/system_top_wrapper.xsa
TRACE::2023-05-08.19:59:18::SCWPlatform::DSA absoulate path D:/fpga_projects/SDUP/projekt/vitis_ws/system_top_wrapper/hw/system_top_wrapper.xsa
TRACE::2023-05-08.19:59:18::SCWPlatform::DSA directory D:/fpga_projects/SDUP/projekt/vitis_ws/system_top_wrapper/hw
TRACE::2023-05-08.19:59:18::SCWPlatform:: Platform Path D:/fpga_projects/SDUP/projekt/vitis_ws/system_top_wrapper/hw/system_top_wrapper.xsa
TRACE::2023-05-08.19:59:18::SCWPlatform:: Unique name xilinx:cora-z7-07s::0.0
TRACE::2023-05-08.19:59:18::SCWPlatform::Trying to set the existing hwdb with name system_top_wrapper_0
TRACE::2023-05-08.19:59:18::SCWPlatform::Opened existing hwdb system_top_wrapper_0
TRACE::2023-05-08.19:59:18::SCWPlatform::Found the Hw Db part of the input DSA
TRACE::2023-05-08.19:59:18::SCWMssOS::Checking the sw design at  D:/fpga_projects/SDUP/projekt/vitis_ws/system_top_wrapper/microblaze_0/standalone_microblaze_0/bsp/system.mss
TRACE::2023-05-08.19:59:18::SCWMssOS::DEBUG:  swdes dump  D:/fpga_projects/SDUP/projekt/vitis_ws/system_top_wrapper/microblaze_0/standalone_microblaze_0/bsp/system.mss|system||

TRACE::2023-05-08.19:59:18::SCWMssOS::Sw design exists and opened at  D:/fpga_projects/SDUP/projekt/vitis_ws/system_top_wrapper/microblaze_0/standalone_microblaze_0/bsp/system.mss
TRACE::2023-05-08.19:59:18::SCWWriter::formatted JSON is {
	"platformName":	"system_top_wrapper",
	"sprVersion":	"2.0",
	"mode":	"gui",
	"dsaType":	"Fixed",
	"platformDesc":	"system_top_wrapper",
	"platHandOff":	"D:/fpga_projects/SDUP/projekt/nlms_acc/system_top_wrapper.xsa",
	"platIntHandOff":	"<platformDir>/hw/system_top_wrapper.xsa",
	"deviceType":	"FPGA",
	"platIsPrebuiltAutogen":	"false",
	"platIsNoBootBsp":	"false",
	"hasFsblMakeHasChanges":	"false",
	"hasPmufwMakeHasChanges":	"false",
	"platPreBuiltFlag":	false,
	"platformSamplesDir":	"",
	"platActiveSys":	"system_top_wrapper",
	"systems":	[{
			"systemName":	"system_top_wrapper",
			"systemDesc":	"system_top_wrapper",
			"sysIsBootAutoGen":	"true",
			"systemDispName":	"system_top_wrapper",
			"sysActiveDom":	"standalone_microblaze_0",
			"sysDefaultDom":	"standalone_microblaze_0",
			"domains":	[{
					"domainName":	"standalone_microblaze_0",
					"domainDispName":	"standalone_microblaze_0",
					"domainDesc":	"standalone_microblaze_0",
					"processors":	"microblaze_0",
					"os":	"standalone",
					"sdxOs":	"standalone",
					"debugEnable":	"False",
					"domRuntimes":	["cpp"],
					"swRepo":	"",
					"mssOsVer":	"8.0",
					"mssFile":	"",
					"md5Digest":	"b541e41fb17671fb07841146dc01388d",
					"compatibleApp":	"empty_application",
					"domType":	"mssDomain",
					"arch":	"32-bit",
					"appSettings":	{
						"appCompilerFlags":	"",
						"appLinkerFlags":	""
					},
					"addedLibs":	[],
					"libOptions":	{
						"libsContainingOptions":	[]
					},
					"prebuiltLibs":	{
						"prebuiltIncPath":	[],
						"prebuiltLibPath":	[]
					},
					"isolation":	{
					}
				}]
		}]
}
TRACE::2023-05-08.19:59:18::SCWPlatform::Trying to open the hw design at D:/fpga_projects/SDUP/projekt/vitis_ws/system_top_wrapper/hw/system_top_wrapper.xsa
TRACE::2023-05-08.19:59:18::SCWPlatform::DSA given D:/fpga_projects/SDUP/projekt/vitis_ws/system_top_wrapper/hw/system_top_wrapper.xsa
TRACE::2023-05-08.19:59:18::SCWPlatform::DSA absoulate path D:/fpga_projects/SDUP/projekt/vitis_ws/system_top_wrapper/hw/system_top_wrapper.xsa
TRACE::2023-05-08.19:59:18::SCWPlatform::DSA directory D:/fpga_projects/SDUP/projekt/vitis_ws/system_top_wrapper/hw
TRACE::2023-05-08.19:59:18::SCWPlatform:: Platform Path D:/fpga_projects/SDUP/projekt/vitis_ws/system_top_wrapper/hw/system_top_wrapper.xsa
TRACE::2023-05-08.19:59:18::SCWPlatform:: Unique name xilinx:cora-z7-07s::0.0
TRACE::2023-05-08.19:59:18::SCWPlatform::Trying to set the existing hwdb with name system_top_wrapper_0
TRACE::2023-05-08.19:59:18::SCWPlatform::Opened existing hwdb system_top_wrapper_0
TRACE::2023-05-08.19:59:18::SCWPlatform::Found the Hw Db part of the input DSA
TRACE::2023-05-08.19:59:18::SCWMssOS::Checking the sw design at  D:/fpga_projects/SDUP/projekt/vitis_ws/system_top_wrapper/microblaze_0/standalone_microblaze_0/bsp/system.mss
TRACE::2023-05-08.19:59:18::SCWMssOS::DEBUG:  swdes dump  D:/fpga_projects/SDUP/projekt/vitis_ws/system_top_wrapper/microblaze_0/standalone_microblaze_0/bsp/system.mss|system||

TRACE::2023-05-08.19:59:18::SCWMssOS::Sw design exists and opened at  D:/fpga_projects/SDUP/projekt/vitis_ws/system_top_wrapper/microblaze_0/standalone_microblaze_0/bsp/system.mss
TRACE::2023-05-08.19:59:18::SCWPlatform::Trying to open the hw design at D:/fpga_projects/SDUP/projekt/vitis_ws/system_top_wrapper/hw/system_top_wrapper.xsa
TRACE::2023-05-08.19:59:18::SCWPlatform::DSA given D:/fpga_projects/SDUP/projekt/vitis_ws/system_top_wrapper/hw/system_top_wrapper.xsa
TRACE::2023-05-08.19:59:18::SCWPlatform::DSA absoulate path D:/fpga_projects/SDUP/projekt/vitis_ws/system_top_wrapper/hw/system_top_wrapper.xsa
TRACE::2023-05-08.19:59:18::SCWPlatform::DSA directory D:/fpga_projects/SDUP/projekt/vitis_ws/system_top_wrapper/hw
TRACE::2023-05-08.19:59:18::SCWPlatform:: Platform Path D:/fpga_projects/SDUP/projekt/vitis_ws/system_top_wrapper/hw/system_top_wrapper.xsa
TRACE::2023-05-08.19:59:18::SCWPlatform:: Unique name xilinx:cora-z7-07s::0.0
TRACE::2023-05-08.19:59:18::SCWPlatform::Trying to set the existing hwdb with name system_top_wrapper_0
TRACE::2023-05-08.19:59:18::SCWPlatform::Opened existing hwdb system_top_wrapper_0
TRACE::2023-05-08.19:59:18::SCWPlatform::Found the Hw Db part of the input DSA
TRACE::2023-05-08.19:59:18::SCWMssOS::Checking the sw design at  D:/fpga_projects/SDUP/projekt/vitis_ws/system_top_wrapper/microblaze_0/standalone_microblaze_0/bsp/system.mss
TRACE::2023-05-08.19:59:18::SCWMssOS::DEBUG:  swdes dump  D:/fpga_projects/SDUP/projekt/vitis_ws/system_top_wrapper/microblaze_0/standalone_microblaze_0/bsp/system.mss|system||

TRACE::2023-05-08.19:59:18::SCWMssOS::Sw design exists and opened at  D:/fpga_projects/SDUP/projekt/vitis_ws/system_top_wrapper/microblaze_0/standalone_microblaze_0/bsp/system.mss
TRACE::2023-05-08.19:59:18::SCWMssOS::Saving the mss changes D:/fpga_projects/SDUP/projekt/vitis_ws/system_top_wrapper/microblaze_0/standalone_microblaze_0/bsp/system.mss
TRACE::2023-05-08.19:59:18::SCWMssOS::Found a swdesign opened with the mssfile.
TRACE::2023-05-08.19:59:18::SCWMssOS::Completed writemss as part of save.
TRACE::2023-05-08.19:59:18::SCWMssOS::Commit changes completed.
TRACE::2023-05-08.19:59:18::SCWPlatform::Trying to open the hw design at D:/fpga_projects/SDUP/projekt/vitis_ws/system_top_wrapper/hw/system_top_wrapper.xsa
TRACE::2023-05-08.19:59:18::SCWPlatform::DSA given D:/fpga_projects/SDUP/projekt/vitis_ws/system_top_wrapper/hw/system_top_wrapper.xsa
TRACE::2023-05-08.19:59:18::SCWPlatform::DSA absoulate path D:/fpga_projects/SDUP/projekt/vitis_ws/system_top_wrapper/hw/system_top_wrapper.xsa
TRACE::2023-05-08.19:59:18::SCWPlatform::DSA directory D:/fpga_projects/SDUP/projekt/vitis_ws/system_top_wrapper/hw
TRACE::2023-05-08.19:59:18::SCWPlatform:: Platform Path D:/fpga_projects/SDUP/projekt/vitis_ws/system_top_wrapper/hw/system_top_wrapper.xsa
TRACE::2023-05-08.19:59:18::SCWPlatform:: Unique name xilinx:cora-z7-07s::0.0
TRACE::2023-05-08.19:59:18::SCWPlatform::Trying to set the existing hwdb with name system_top_wrapper_0
TRACE::2023-05-08.19:59:18::SCWPlatform::Opened existing hwdb system_top_wrapper_0
TRACE::2023-05-08.19:59:18::SCWPlatform::Found the Hw Db part of the input DSA
TRACE::2023-05-08.19:59:18::SCWMssOS::Checking the sw design at  D:/fpga_projects/SDUP/projekt/vitis_ws/system_top_wrapper/microblaze_0/standalone_microblaze_0/bsp/system.mss
TRACE::2023-05-08.19:59:18::SCWMssOS::DEBUG:  swdes dump  D:/fpga_projects/SDUP/projekt/vitis_ws/system_top_wrapper/microblaze_0/standalone_microblaze_0/bsp/system.mss|system||

TRACE::2023-05-08.19:59:18::SCWMssOS::Sw design exists and opened at  D:/fpga_projects/SDUP/projekt/vitis_ws/system_top_wrapper/microblaze_0/standalone_microblaze_0/bsp/system.mss
TRACE::2023-05-08.19:59:18::SCWPlatform::Trying to open the hw design at D:/fpga_projects/SDUP/projekt/vitis_ws/system_top_wrapper/hw/system_top_wrapper.xsa
TRACE::2023-05-08.19:59:18::SCWPlatform::DSA given D:/fpga_projects/SDUP/projekt/vitis_ws/system_top_wrapper/hw/system_top_wrapper.xsa
TRACE::2023-05-08.19:59:18::SCWPlatform::DSA absoulate path D:/fpga_projects/SDUP/projekt/vitis_ws/system_top_wrapper/hw/system_top_wrapper.xsa
TRACE::2023-05-08.19:59:18::SCWPlatform::DSA directory D:/fpga_projects/SDUP/projekt/vitis_ws/system_top_wrapper/hw
TRACE::2023-05-08.19:59:18::SCWPlatform:: Platform Path D:/fpga_projects/SDUP/projekt/vitis_ws/system_top_wrapper/hw/system_top_wrapper.xsa
TRACE::2023-05-08.19:59:18::SCWPlatform:: Unique name xilinx:cora-z7-07s::0.0
TRACE::2023-05-08.19:59:18::SCWPlatform::Trying to set the existing hwdb with name system_top_wrapper_0
TRACE::2023-05-08.19:59:18::SCWPlatform::Opened existing hwdb system_top_wrapper_0
TRACE::2023-05-08.19:59:18::SCWPlatform::Found the Hw Db part of the input DSA
TRACE::2023-05-08.19:59:18::SCWMssOS::Checking the sw design at  D:/fpga_projects/SDUP/projekt/vitis_ws/system_top_wrapper/microblaze_0/standalone_microblaze_0/bsp/system.mss
TRACE::2023-05-08.19:59:18::SCWMssOS::DEBUG:  swdes dump  D:/fpga_projects/SDUP/projekt/vitis_ws/system_top_wrapper/microblaze_0/standalone_microblaze_0/bsp/system.mss|system||

TRACE::2023-05-08.19:59:18::SCWMssOS::Sw design exists and opened at  D:/fpga_projects/SDUP/projekt/vitis_ws/system_top_wrapper/microblaze_0/standalone_microblaze_0/bsp/system.mss
TRACE::2023-05-08.19:59:18::SCWPlatform::Trying to open the hw design at D:/fpga_projects/SDUP/projekt/vitis_ws/system_top_wrapper/hw/system_top_wrapper.xsa
TRACE::2023-05-08.19:59:18::SCWPlatform::DSA given D:/fpga_projects/SDUP/projekt/vitis_ws/system_top_wrapper/hw/system_top_wrapper.xsa
TRACE::2023-05-08.19:59:18::SCWPlatform::DSA absoulate path D:/fpga_projects/SDUP/projekt/vitis_ws/system_top_wrapper/hw/system_top_wrapper.xsa
TRACE::2023-05-08.19:59:18::SCWPlatform::DSA directory D:/fpga_projects/SDUP/projekt/vitis_ws/system_top_wrapper/hw
TRACE::2023-05-08.19:59:18::SCWPlatform:: Platform Path D:/fpga_projects/SDUP/projekt/vitis_ws/system_top_wrapper/hw/system_top_wrapper.xsa
TRACE::2023-05-08.19:59:18::SCWPlatform:: Unique name xilinx:cora-z7-07s::0.0
TRACE::2023-05-08.19:59:18::SCWPlatform::Trying to set the existing hwdb with name system_top_wrapper_0
TRACE::2023-05-08.19:59:18::SCWPlatform::Opened existing hwdb system_top_wrapper_0
TRACE::2023-05-08.19:59:18::SCWPlatform::Found the Hw Db part of the input DSA
TRACE::2023-05-08.19:59:18::SCWMssOS::Checking the sw design at  D:/fpga_projects/SDUP/projekt/vitis_ws/system_top_wrapper/microblaze_0/standalone_microblaze_0/bsp/system.mss
TRACE::2023-05-08.19:59:18::SCWMssOS::DEBUG:  swdes dump  D:/fpga_projects/SDUP/projekt/vitis_ws/system_top_wrapper/microblaze_0/standalone_microblaze_0/bsp/system.mss|system||

TRACE::2023-05-08.19:59:18::SCWMssOS::Sw design exists and opened at  D:/fpga_projects/SDUP/projekt/vitis_ws/system_top_wrapper/microblaze_0/standalone_microblaze_0/bsp/system.mss
TRACE::2023-05-08.19:59:18::SCWWriter::formatted JSON is {
	"platformName":	"system_top_wrapper",
	"sprVersion":	"2.0",
	"mode":	"gui",
	"dsaType":	"Fixed",
	"platformDesc":	"system_top_wrapper",
	"platHandOff":	"D:/fpga_projects/SDUP/projekt/nlms_acc/system_top_wrapper.xsa",
	"platIntHandOff":	"<platformDir>/hw/system_top_wrapper.xsa",
	"deviceType":	"FPGA",
	"platIsPrebuiltAutogen":	"false",
	"platIsNoBootBsp":	"false",
	"hasFsblMakeHasChanges":	"false",
	"hasPmufwMakeHasChanges":	"false",
	"platPreBuiltFlag":	false,
	"platformSamplesDir":	"",
	"platActiveSys":	"system_top_wrapper",
	"systems":	[{
			"systemName":	"system_top_wrapper",
			"systemDesc":	"system_top_wrapper",
			"sysIsBootAutoGen":	"true",
			"systemDispName":	"system_top_wrapper",
			"sysActiveDom":	"standalone_microblaze_0",
			"sysDefaultDom":	"standalone_microblaze_0",
			"domains":	[{
					"domainName":	"standalone_microblaze_0",
					"domainDispName":	"standalone_microblaze_0",
					"domainDesc":	"standalone_microblaze_0",
					"processors":	"microblaze_0",
					"os":	"standalone",
					"sdxOs":	"standalone",
					"debugEnable":	"False",
					"domRuntimes":	["cpp"],
					"swRepo":	"",
					"mssOsVer":	"8.0",
					"mssFile":	"",
					"md5Digest":	"b541e41fb17671fb07841146dc01388d",
					"compatibleApp":	"empty_application",
					"domType":	"mssDomain",
					"arch":	"32-bit",
					"appSettings":	{
						"appCompilerFlags":	"",
						"appLinkerFlags":	""
					},
					"addedLibs":	[],
					"libOptions":	{
						"libsContainingOptions":	[]
					},
					"prebuiltLibs":	{
						"prebuiltIncPath":	[],
						"prebuiltLibPath":	[]
					},
					"isolation":	{
					}
				}]
		}]
}
LOG::2023-05-08.19:59:18::SCWPlatform::Started generating the artifacts platform system_top_wrapper
TRACE::2023-05-08.19:59:18::SCWPlatform::Sanity checking of platform is completed
LOG::2023-05-08.19:59:18::SCWPlatform::Started generating the artifacts for system configuration system_top_wrapper
LOG::2023-05-08.19:59:18::SCWSystem::Started Processing the domain standalone_microblaze_0
TRACE::2023-05-08.19:59:18::SCWDomain::Generating domain artifcats
TRACE::2023-05-08.19:59:18::SCWMssOS::Generating standalone artifcats
TRACE::2023-05-08.19:59:18::SCWMssOS:: Copying the user libraries. 
TRACE::2023-05-08.19:59:18::SCWPlatform::Trying to open the hw design at D:/fpga_projects/SDUP/projekt/vitis_ws/system_top_wrapper/hw/system_top_wrapper.xsa
TRACE::2023-05-08.19:59:18::SCWPlatform::DSA given D:/fpga_projects/SDUP/projekt/vitis_ws/system_top_wrapper/hw/system_top_wrapper.xsa
TRACE::2023-05-08.19:59:18::SCWPlatform::DSA absoulate path D:/fpga_projects/SDUP/projekt/vitis_ws/system_top_wrapper/hw/system_top_wrapper.xsa
TRACE::2023-05-08.19:59:18::SCWPlatform::DSA directory D:/fpga_projects/SDUP/projekt/vitis_ws/system_top_wrapper/hw
TRACE::2023-05-08.19:59:18::SCWPlatform:: Platform Path D:/fpga_projects/SDUP/projekt/vitis_ws/system_top_wrapper/hw/system_top_wrapper.xsa
TRACE::2023-05-08.19:59:18::SCWPlatform:: Unique name xilinx:cora-z7-07s::0.0
TRACE::2023-05-08.19:59:18::SCWPlatform::Trying to set the existing hwdb with name system_top_wrapper_0
TRACE::2023-05-08.19:59:18::SCWPlatform::Opened existing hwdb system_top_wrapper_0
TRACE::2023-05-08.19:59:18::SCWPlatform::Found the Hw Db part of the input DSA
TRACE::2023-05-08.19:59:18::SCWMssOS::Checking the sw design at  D:/fpga_projects/SDUP/projekt/vitis_ws/system_top_wrapper/microblaze_0/standalone_microblaze_0/bsp/system.mss
TRACE::2023-05-08.19:59:18::SCWMssOS::DEBUG:  swdes dump  D:/fpga_projects/SDUP/projekt/vitis_ws/system_top_wrapper/microblaze_0/standalone_microblaze_0/bsp/system.mss|system||

TRACE::2023-05-08.19:59:18::SCWMssOS::Sw design exists and opened at  D:/fpga_projects/SDUP/projekt/vitis_ws/system_top_wrapper/microblaze_0/standalone_microblaze_0/bsp/system.mss
TRACE::2023-05-08.19:59:18::SCWMssOS::Completed writing the mss file at D:/fpga_projects/SDUP/projekt/vitis_ws/system_top_wrapper/microblaze_0/standalone_microblaze_0/bsp
TRACE::2023-05-08.19:59:18::SCWMssOS::Mss edits present, copying mssfile into export location D:/fpga_projects/SDUP/projekt/vitis_ws/system_top_wrapper/microblaze_0/standalone_microblaze_0/bsp/system.mss
TRACE::2023-05-08.19:59:18::SCWMssOS::bsp generated is upto date with the mss file. Skipping bsp generation.
TRACE::2023-05-08.19:59:18::SCWMssOS::BSP is already built. skipping the bsp build ... 
TRACE::2023-05-08.19:59:18::SCWDomain::Building the domain as part of full build :  standalone_microblaze_0
TRACE::2023-05-08.19:59:18::SCWMssOS::skipping the bsp build ... 
TRACE::2023-05-08.19:59:18::SCWMssOS::Copying to export directory.
TRACE::2023-05-08.19:59:18::SCWMssOS:: Checking if to create the Supporting Applications
TRACE::2023-05-08.19:59:18::SCWMssOS:: No Linux domain exists, trying to generate FSBL 
LOG::2023-05-08.19:59:18::SCWSystem::Completed Processing the domain standalone_microblaze_0
LOG::2023-05-08.19:59:18::SCWSystem::Completed Processing the sysconfig system_top_wrapper
LOG::2023-05-08.19:59:18::SCWPlatform::Completed generating the artifacts for system configuration system_top_wrapper
TRACE::2023-05-08.19:59:18::SCWPlatform::Started preparing the platform 
TRACE::2023-05-08.19:59:18::SCWSystem::Writing the bif file for system config system_top_wrapper
TRACE::2023-05-08.19:59:18::SCWSystem::dir created 
TRACE::2023-05-08.19:59:18::SCWSystem::Writing the bif 
TRACE::2023-05-08.19:59:18::SCWPlatform::Started writing the spfm file 
TRACE::2023-05-08.19:59:18::SCWPlatform::Started writing the xpfm file 
TRACE::2023-05-08.19:59:18::SCWPlatform::Completed generating the platform
TRACE::2023-05-08.19:59:18::SCWMssOS::Saving the mss changes D:/fpga_projects/SDUP/projekt/vitis_ws/system_top_wrapper/microblaze_0/standalone_microblaze_0/bsp/system.mss
TRACE::2023-05-08.19:59:18::SCWMssOS::Found a swdesign opened with the mssfile.
TRACE::2023-05-08.19:59:18::SCWMssOS::Completed writemss as part of save.
TRACE::2023-05-08.19:59:18::SCWMssOS::Commit changes completed.
TRACE::2023-05-08.19:59:18::SCWPlatform::Trying to open the hw design at D:/fpga_projects/SDUP/projekt/vitis_ws/system_top_wrapper/hw/system_top_wrapper.xsa
TRACE::2023-05-08.19:59:18::SCWPlatform::DSA given D:/fpga_projects/SDUP/projekt/vitis_ws/system_top_wrapper/hw/system_top_wrapper.xsa
TRACE::2023-05-08.19:59:18::SCWPlatform::DSA absoulate path D:/fpga_projects/SDUP/projekt/vitis_ws/system_top_wrapper/hw/system_top_wrapper.xsa
TRACE::2023-05-08.19:59:18::SCWPlatform::DSA directory D:/fpga_projects/SDUP/projekt/vitis_ws/system_top_wrapper/hw
TRACE::2023-05-08.19:59:18::SCWPlatform:: Platform Path D:/fpga_projects/SDUP/projekt/vitis_ws/system_top_wrapper/hw/system_top_wrapper.xsa
TRACE::2023-05-08.19:59:18::SCWPlatform:: Unique name xilinx:cora-z7-07s::0.0
TRACE::2023-05-08.19:59:18::SCWPlatform::Trying to set the existing hwdb with name system_top_wrapper_0
TRACE::2023-05-08.19:59:18::SCWPlatform::Opened existing hwdb system_top_wrapper_0
TRACE::2023-05-08.19:59:18::SCWPlatform::Found the Hw Db part of the input DSA
TRACE::2023-05-08.19:59:18::SCWMssOS::Checking the sw design at  D:/fpga_projects/SDUP/projekt/vitis_ws/system_top_wrapper/microblaze_0/standalone_microblaze_0/bsp/system.mss
TRACE::2023-05-08.19:59:18::SCWMssOS::DEBUG:  swdes dump  D:/fpga_projects/SDUP/projekt/vitis_ws/system_top_wrapper/microblaze_0/standalone_microblaze_0/bsp/system.mss|system||

TRACE::2023-05-08.19:59:18::SCWMssOS::Sw design exists and opened at  D:/fpga_projects/SDUP/projekt/vitis_ws/system_top_wrapper/microblaze_0/standalone_microblaze_0/bsp/system.mss
TRACE::2023-05-08.19:59:18::SCWPlatform::Trying to open the hw design at D:/fpga_projects/SDUP/projekt/vitis_ws/system_top_wrapper/hw/system_top_wrapper.xsa
TRACE::2023-05-08.19:59:18::SCWPlatform::DSA given D:/fpga_projects/SDUP/projekt/vitis_ws/system_top_wrapper/hw/system_top_wrapper.xsa
TRACE::2023-05-08.19:59:18::SCWPlatform::DSA absoulate path D:/fpga_projects/SDUP/projekt/vitis_ws/system_top_wrapper/hw/system_top_wrapper.xsa
TRACE::2023-05-08.19:59:18::SCWPlatform::DSA directory D:/fpga_projects/SDUP/projekt/vitis_ws/system_top_wrapper/hw
TRACE::2023-05-08.19:59:18::SCWPlatform:: Platform Path D:/fpga_projects/SDUP/projekt/vitis_ws/system_top_wrapper/hw/system_top_wrapper.xsa
TRACE::2023-05-08.19:59:18::SCWPlatform:: Unique name xilinx:cora-z7-07s::0.0
TRACE::2023-05-08.19:59:18::SCWPlatform::Trying to set the existing hwdb with name system_top_wrapper_0
TRACE::2023-05-08.19:59:18::SCWPlatform::Opened existing hwdb system_top_wrapper_0
TRACE::2023-05-08.19:59:18::SCWPlatform::Found the Hw Db part of the input DSA
TRACE::2023-05-08.19:59:18::SCWMssOS::Checking the sw design at  D:/fpga_projects/SDUP/projekt/vitis_ws/system_top_wrapper/microblaze_0/standalone_microblaze_0/bsp/system.mss
TRACE::2023-05-08.19:59:18::SCWMssOS::DEBUG:  swdes dump  D:/fpga_projects/SDUP/projekt/vitis_ws/system_top_wrapper/microblaze_0/standalone_microblaze_0/bsp/system.mss|system||

TRACE::2023-05-08.19:59:18::SCWMssOS::Sw design exists and opened at  D:/fpga_projects/SDUP/projekt/vitis_ws/system_top_wrapper/microblaze_0/standalone_microblaze_0/bsp/system.mss
TRACE::2023-05-08.19:59:18::SCWPlatform::Trying to open the hw design at D:/fpga_projects/SDUP/projekt/vitis_ws/system_top_wrapper/hw/system_top_wrapper.xsa
TRACE::2023-05-08.19:59:18::SCWPlatform::DSA given D:/fpga_projects/SDUP/projekt/vitis_ws/system_top_wrapper/hw/system_top_wrapper.xsa
TRACE::2023-05-08.19:59:18::SCWPlatform::DSA absoulate path D:/fpga_projects/SDUP/projekt/vitis_ws/system_top_wrapper/hw/system_top_wrapper.xsa
TRACE::2023-05-08.19:59:18::SCWPlatform::DSA directory D:/fpga_projects/SDUP/projekt/vitis_ws/system_top_wrapper/hw
TRACE::2023-05-08.19:59:18::SCWPlatform:: Platform Path D:/fpga_projects/SDUP/projekt/vitis_ws/system_top_wrapper/hw/system_top_wrapper.xsa
TRACE::2023-05-08.19:59:18::SCWPlatform:: Unique name xilinx:cora-z7-07s::0.0
TRACE::2023-05-08.19:59:18::SCWPlatform::Trying to set the existing hwdb with name system_top_wrapper_0
TRACE::2023-05-08.19:59:18::SCWPlatform::Opened existing hwdb system_top_wrapper_0
TRACE::2023-05-08.19:59:18::SCWPlatform::Found the Hw Db part of the input DSA
TRACE::2023-05-08.19:59:18::SCWMssOS::Checking the sw design at  D:/fpga_projects/SDUP/projekt/vitis_ws/system_top_wrapper/microblaze_0/standalone_microblaze_0/bsp/system.mss
TRACE::2023-05-08.19:59:18::SCWMssOS::DEBUG:  swdes dump  D:/fpga_projects/SDUP/projekt/vitis_ws/system_top_wrapper/microblaze_0/standalone_microblaze_0/bsp/system.mss|system||

TRACE::2023-05-08.19:59:18::SCWMssOS::Sw design exists and opened at  D:/fpga_projects/SDUP/projekt/vitis_ws/system_top_wrapper/microblaze_0/standalone_microblaze_0/bsp/system.mss
TRACE::2023-05-08.19:59:18::SCWWriter::formatted JSON is {
	"platformName":	"system_top_wrapper",
	"sprVersion":	"2.0",
	"mode":	"gui",
	"dsaType":	"Fixed",
	"platformDesc":	"system_top_wrapper",
	"platHandOff":	"D:/fpga_projects/SDUP/projekt/nlms_acc/system_top_wrapper.xsa",
	"platIntHandOff":	"<platformDir>/hw/system_top_wrapper.xsa",
	"deviceType":	"FPGA",
	"platIsPrebuiltAutogen":	"false",
	"platIsNoBootBsp":	"false",
	"hasFsblMakeHasChanges":	"false",
	"hasPmufwMakeHasChanges":	"false",
	"platPreBuiltFlag":	false,
	"platformSamplesDir":	"",
	"platActiveSys":	"system_top_wrapper",
	"systems":	[{
			"systemName":	"system_top_wrapper",
			"systemDesc":	"system_top_wrapper",
			"sysIsBootAutoGen":	"true",
			"systemDispName":	"system_top_wrapper",
			"sysActiveDom":	"standalone_microblaze_0",
			"sysDefaultDom":	"standalone_microblaze_0",
			"domains":	[{
					"domainName":	"standalone_microblaze_0",
					"domainDispName":	"standalone_microblaze_0",
					"domainDesc":	"standalone_microblaze_0",
					"processors":	"microblaze_0",
					"os":	"standalone",
					"sdxOs":	"standalone",
					"debugEnable":	"False",
					"domRuntimes":	["cpp"],
					"swRepo":	"",
					"mssOsVer":	"8.0",
					"mssFile":	"",
					"md5Digest":	"b541e41fb17671fb07841146dc01388d",
					"compatibleApp":	"empty_application",
					"domType":	"mssDomain",
					"arch":	"32-bit",
					"appSettings":	{
						"appCompilerFlags":	"",
						"appLinkerFlags":	""
					},
					"addedLibs":	[],
					"libOptions":	{
						"libsContainingOptions":	[]
					},
					"prebuiltLibs":	{
						"prebuiltIncPath":	[],
						"prebuiltLibPath":	[]
					},
					"isolation":	{
					}
				}]
		}]
}
KEYINFO::2023-05-08.19:59:18::SCWPlatform::updated the xpfm file.
LOG::2023-05-08.20:06:02::SCWPlatform::Started generating the artifacts platform system_top_wrapper
TRACE::2023-05-08.20:06:02::SCWPlatform::Sanity checking of platform is completed
LOG::2023-05-08.20:06:02::SCWPlatform::Started generating the artifacts for system configuration system_top_wrapper
LOG::2023-05-08.20:06:02::SCWSystem::Checking the domain standalone_microblaze_0
LOG::2023-05-08.20:06:02::SCWSystem::Not a boot domain 
LOG::2023-05-08.20:06:02::SCWSystem::Started Processing the domain standalone_microblaze_0
TRACE::2023-05-08.20:06:02::SCWDomain::Generating domain artifcats
TRACE::2023-05-08.20:06:02::SCWMssOS::Generating standalone artifcats
TRACE::2023-05-08.20:06:02::SCWMssOS:: Copying the user libraries. 
TRACE::2023-05-08.20:06:02::SCWPlatform::Trying to open the hw design at D:/fpga_projects/SDUP/projekt/vitis_ws/system_top_wrapper/hw/system_top_wrapper.xsa
TRACE::2023-05-08.20:06:02::SCWPlatform::DSA given D:/fpga_projects/SDUP/projekt/vitis_ws/system_top_wrapper/hw/system_top_wrapper.xsa
TRACE::2023-05-08.20:06:02::SCWPlatform::DSA absoulate path D:/fpga_projects/SDUP/projekt/vitis_ws/system_top_wrapper/hw/system_top_wrapper.xsa
TRACE::2023-05-08.20:06:02::SCWPlatform::DSA directory D:/fpga_projects/SDUP/projekt/vitis_ws/system_top_wrapper/hw
TRACE::2023-05-08.20:06:02::SCWPlatform:: Platform Path D:/fpga_projects/SDUP/projekt/vitis_ws/system_top_wrapper/hw/system_top_wrapper.xsa
TRACE::2023-05-08.20:06:02::SCWPlatform:: Unique name xilinx:cora-z7-07s::0.0
TRACE::2023-05-08.20:06:02::SCWPlatform::Trying to set the existing hwdb with name system_top_wrapper_0
TRACE::2023-05-08.20:06:02::SCWPlatform::Opened existing hwdb system_top_wrapper_0
TRACE::2023-05-08.20:06:02::SCWPlatform::Found the Hw Db part of the input DSA
TRACE::2023-05-08.20:06:02::SCWMssOS::Checking the sw design at  D:/fpga_projects/SDUP/projekt/vitis_ws/system_top_wrapper/microblaze_0/standalone_microblaze_0/bsp/system.mss
TRACE::2023-05-08.20:06:02::SCWMssOS::DEBUG:  swdes dump  D:/fpga_projects/SDUP/projekt/vitis_ws/system_top_wrapper/microblaze_0/standalone_microblaze_0/bsp/system.mss|system||

TRACE::2023-05-08.20:06:02::SCWMssOS::Sw design exists and opened at  D:/fpga_projects/SDUP/projekt/vitis_ws/system_top_wrapper/microblaze_0/standalone_microblaze_0/bsp/system.mss
TRACE::2023-05-08.20:06:02::SCWMssOS::Completed writing the mss file at D:/fpga_projects/SDUP/projekt/vitis_ws/system_top_wrapper/microblaze_0/standalone_microblaze_0/bsp
TRACE::2023-05-08.20:06:02::SCWMssOS::Mss edits present, copying mssfile into export location D:/fpga_projects/SDUP/projekt/vitis_ws/system_top_wrapper/microblaze_0/standalone_microblaze_0/bsp/system.mss
TRACE::2023-05-08.20:06:02::SCWMssOS::bsp generated is upto date with the mss file. Skipping bsp generation.
TRACE::2023-05-08.20:06:02::SCWMssOS::BSP is already built. skipping the bsp build ... 
TRACE::2023-05-08.20:06:02::SCWDomain::Building the domain as part of full build :  standalone_microblaze_0
TRACE::2023-05-08.20:06:02::SCWMssOS::doing bsp build ... 
TRACE::2023-05-08.20:06:02::SCWMssOS::System Command Ran  D: & cd  D:/fpga_projects/SDUP/projekt/vitis_ws/system_top_wrapper/microblaze_0/standalone_microblaze_0/bsp & make 
TRACE::2023-05-08.20:06:02::SCWMssOS::make --no-print-directory seq_libs

TRACE::2023-05-08.20:06:02::SCWMssOS::'Finished building libraries sequentially.'

TRACE::2023-05-08.20:06:02::SCWMssOS::make -j 10 --no-print-directory par_libs

TRACE::2023-05-08.20:06:02::SCWMssOS::"Running Make include in microblaze_0/libsrc/bram_v4_8/src"

TRACE::2023-05-08.20:06:02::SCWMssOS::make -C microblaze_0/libsrc/bram_v4_8/src -s include  "SHELL=CMD" "COMPILER=mb-gcc" "ASSEMBLER=mb-as" "ARCHIVER=mb-ar" "COMPILE
TRACE::2023-05-08.20:06:02::SCWMssOS::R_FLAGS=  -O2 -c -mcpu=v11.0 -mlittle-endian -mxl-soft-mul" "EXTRA_COMPILER_FLAGS=-g -ffunction-sections -fdata-sections -Wall 
TRACE::2023-05-08.20:06:02::SCWMssOS::-Wextra -fno-tree-loop-distribute-patterns"

TRACE::2023-05-08.20:06:02::SCWMssOS::"Running Make include in microblaze_0/libsrc/cpu_v2_16/src"

TRACE::2023-05-08.20:06:02::SCWMssOS::make -C microblaze_0/libsrc/cpu_v2_16/src -s include  "SHELL=CMD" "COMPILER=mb-gcc" "ASSEMBLER=mb-as" "ARCHIVER=mb-ar" "COMPILE
TRACE::2023-05-08.20:06:02::SCWMssOS::R_FLAGS=  -O2 -c -mcpu=v11.0 -mlittle-endian -mxl-soft-mul" "EXTRA_COMPILER_FLAGS=-g -ffunction-sections -fdata-sections -Wall 
TRACE::2023-05-08.20:06:02::SCWMssOS::-Wextra -fno-tree-loop-distribute-patterns"

TRACE::2023-05-08.20:06:02::SCWMssOS::"Running Make include in microblaze_0/libsrc/standalone_v8_0/src"

TRACE::2023-05-08.20:06:02::SCWMssOS::make -C microblaze_0/libsrc/standalone_v8_0/src -s include  "SHELL=CMD" "COMPILER=mb-gcc" "ASSEMBLER=mb-as" "ARCHIVER=mb-ar" "C
TRACE::2023-05-08.20:06:02::SCWMssOS::OMPILER_FLAGS=  -O2 -c -mcpu=v11.0 -mlittle-endian -mxl-soft-mul" "EXTRA_COMPILER_FLAGS=-g -ffunction-sections -fdata-sections 
TRACE::2023-05-08.20:06:02::SCWMssOS::-Wall -Wextra -fno-tree-loop-distribute-patterns"

TRACE::2023-05-08.20:06:03::SCWMssOS::"Running Make libs in microblaze_0/libsrc/bram_v4_8/src"

TRACE::2023-05-08.20:06:03::SCWMssOS::make -C microblaze_0/libsrc/bram_v4_8/src -s libs  "SHELL=CMD" "COMPILER=mb-gcc" "ASSEMBLER=mb-as" "ARCHIVER=mb-ar" "COMPILER_F
TRACE::2023-05-08.20:06:03::SCWMssOS::LAGS=  -O2 -c -mcpu=v11.0 -mlittle-endian -mxl-soft-mul" "EXTRA_COMPILER_FLAGS=-g -ffunction-sections -fdata-sections -Wall -We
TRACE::2023-05-08.20:06:03::SCWMssOS::xtra -fno-tree-loop-distribute-patterns"

TRACE::2023-05-08.20:06:03::SCWMssOS::"Running Make libs in microblaze_0/libsrc/cpu_v2_16/src"

TRACE::2023-05-08.20:06:03::SCWMssOS::make -C microblaze_0/libsrc/cpu_v2_16/src -s libs  "SHELL=CMD" "COMPILER=mb-gcc" "ASSEMBLER=mb-as" "ARCHIVER=mb-ar" "COMPILER_F
TRACE::2023-05-08.20:06:03::SCWMssOS::LAGS=  -O2 -c -mcpu=v11.0 -mlittle-endian -mxl-soft-mul" "EXTRA_COMPILER_FLAGS=-g -ffunction-sections -fdata-sections -Wall -We
TRACE::2023-05-08.20:06:03::SCWMssOS::xtra -fno-tree-loop-distribute-patterns"

TRACE::2023-05-08.20:06:03::SCWMssOS::"Running Make libs in microblaze_0/libsrc/standalone_v8_0/src"

TRACE::2023-05-08.20:06:03::SCWMssOS::make -C microblaze_0/libsrc/standalone_v8_0/src -s libs  "SHELL=CMD" "COMPILER=mb-gcc" "ASSEMBLER=mb-as" "ARCHIVER=mb-ar" "COMP
TRACE::2023-05-08.20:06:03::SCWMssOS::ILER_FLAGS=  -O2 -c -mcpu=v11.0 -mlittle-endian -mxl-soft-mul" "EXTRA_COMPILER_FLAGS=-g -ffunction-sections -fdata-sections -Wa
TRACE::2023-05-08.20:06:03::SCWMssOS::ll -Wextra -fno-tree-loop-distribute-patterns"

TRACE::2023-05-08.20:06:05::SCWMssOS::"DEBUG NON_LTO_OBJECTS is ../../../lib/microblaze_interrupt_handler.o"

TRACE::2023-05-08.20:06:05::SCWMssOS::'Finished building libraries parallelly.'

TRACE::2023-05-08.20:06:05::SCWMssOS::make --no-print-directory archive

TRACE::2023-05-08.20:06:05::SCWMssOS::mb-ar -r  microblaze_0/lib/libxil.a microblaze_0/lib/_exit.o microblaze_0/lib/errno.o microblaze_0/lib/fcntl.o microblaze_0/lib
TRACE::2023-05-08.20:06:05::SCWMssOS::/hw_exception_handler.o microblaze_0/lib/inbyte.o microblaze_0/lib/microblaze_disable_dcache.o microblaze_0/lib/microblaze_disa
TRACE::2023-05-08.20:06:05::SCWMssOS::ble_exceptions.o microblaze_0/lib/microblaze_disable_icache.o microblaze_0/lib/microblaze_disable_interrupts.o microblaze_0/lib
TRACE::2023-05-08.20:06:05::SCWMssOS::/microblaze_enable_dcache.o microblaze_0/lib/microblaze_enable_exceptions.o microblaze_0/lib/microblaze_enable_icache.o microbl
TRACE::2023-05-08.20:06:05::SCWMssOS::aze_0/lib/microblaze_enable_interrupts.o microblaze_0/lib/microblaze_exception_handler.o microblaze_0/lib/microblaze_flush_cach
TRACE::2023-05-08.20:06:05::SCWMssOS::e_ext.o microblaze_0/lib/microblaze_flush_cache_ext_range.o microblaze_0/lib/microblaze_flush_dcache.o microblaze_0/lib/microbl
TRACE::2023-05-08.20:06:05::SCWMssOS::aze_flush_dcache_range.o microblaze_0/lib/microblaze_init_dcache_range.o microblaze_0/lib/microblaze_init_icache_range.o microb
TRACE::2023-05-08.20:06:05::SCWMssOS::laze_0/lib/microblaze_interrupt_handler.o microblaze_0/lib/microblaze_interrupts_g.o microblaze_0/lib/microblaze_invalidate_cac
TRACE::2023-05-08.20:06:05::SCWMssOS::he_ext.o microblaze_0/lib/microblaze_invalidate_cache_ext_range.o microblaze_0/lib/microblaze_invalidate_dcache.o microblaze_0/
TRACE::2023-05-08.20:06:05::SCWMssOS::lib/microblaze_invalidate_dcache_range.o microblaze_0/lib/microblaze_invalidate_icache.o microblaze_0/lib/microblaze_invalidate
TRACE::2023-05-08.20:06:05::SCWMssOS::_icache_range.o microblaze_0/lib/microblaze_scrub.o microblaze_0/lib/microblaze_selftest.o microblaze_0/lib/microblaze_sleep.o 
TRACE::2023-05-08.20:06:05::SCWMssOS::microblaze_0/lib/microblaze_update_dcache.o microblaze_0/lib/microblaze_update_icache.o microblaze_0/lib/outbyte.o microblaze_0
TRACE::2023-05-08.20:06:05::SCWMssOS::/lib/print.o microblaze_0/lib/pvr.o microblaze_0/lib/xbram.o microblaze_0/lib/xbram_g.o microblaze_0/lib/xbram_intr.o microblaz
TRACE::2023-05-08.20:06:05::SCWMssOS::e_0/lib/xbram_selftest.o microblaze_0/lib/xbram_sinit.o microblaze_0/lib/xil_assert.o microblaze_0/lib/xil_cache.o microblaze_0
TRACE::2023-05-08.20:06:05::SCWMssOS::/lib/xil_clocking.o microblaze_0/lib/xil_exception.o microblaze_0/lib/xil_mem.o microblaze_0/lib/xil_misc_psreset_api.o microbl
TRACE::2023-05-08.20:06:05::SCWMssOS::aze_0/lib/xil_printf.o microblaze_0/lib/xil_sleepcommon.o microblaze_0/lib/xil_testcache.o microblaze_0/lib/xil_testio.o microb
TRACE::2023-05-08.20:06:05::SCWMssOS::laze_0/lib/xil_testmem.o microblaze_0/lib/xil_util.o microblaze_0/lib/xinterrupt_wrap.o microblaze_0/lib/xio.o microblaze_0/lib
TRACE::2023-05-08.20:06:05::SCWMssOS::/xplatform_info.o

TRACE::2023-05-08.20:06:05::SCWMssOS::'Finished building libraries'

TRACE::2023-05-08.20:06:05::SCWMssOS::Copying to export directory.
TRACE::2023-05-08.20:06:06::SCWMssOS:: Checking if to create the Supporting Applications
TRACE::2023-05-08.20:06:06::SCWMssOS:: No Linux domain exists, trying to generate FSBL 
LOG::2023-05-08.20:06:06::SCWSystem::Completed Processing the domain standalone_microblaze_0
LOG::2023-05-08.20:06:06::SCWSystem::Completed Processing the sysconfig system_top_wrapper
LOG::2023-05-08.20:06:06::SCWPlatform::Completed generating the artifacts for system configuration system_top_wrapper
TRACE::2023-05-08.20:06:06::SCWPlatform::Started preparing the platform 
TRACE::2023-05-08.20:06:06::SCWSystem::Writing the bif file for system config system_top_wrapper
TRACE::2023-05-08.20:06:06::SCWSystem::dir created 
TRACE::2023-05-08.20:06:06::SCWSystem::Writing the bif 
TRACE::2023-05-08.20:06:06::SCWPlatform::Started writing the spfm file 
TRACE::2023-05-08.20:06:06::SCWPlatform::Started writing the xpfm file 
TRACE::2023-05-08.20:06:06::SCWPlatform::Completed generating the platform
TRACE::2023-05-08.20:06:06::SCWMssOS::Saving the mss changes D:/fpga_projects/SDUP/projekt/vitis_ws/system_top_wrapper/microblaze_0/standalone_microblaze_0/bsp/system.mss
TRACE::2023-05-08.20:06:06::SCWMssOS::Found a swdesign opened with the mssfile.
TRACE::2023-05-08.20:06:06::SCWMssOS::Completed writemss as part of save.
TRACE::2023-05-08.20:06:06::SCWMssOS::Commit changes completed.
TRACE::2023-05-08.20:06:06::SCWPlatform::Trying to open the hw design at D:/fpga_projects/SDUP/projekt/vitis_ws/system_top_wrapper/hw/system_top_wrapper.xsa
TRACE::2023-05-08.20:06:06::SCWPlatform::DSA given D:/fpga_projects/SDUP/projekt/vitis_ws/system_top_wrapper/hw/system_top_wrapper.xsa
TRACE::2023-05-08.20:06:06::SCWPlatform::DSA absoulate path D:/fpga_projects/SDUP/projekt/vitis_ws/system_top_wrapper/hw/system_top_wrapper.xsa
TRACE::2023-05-08.20:06:06::SCWPlatform::DSA directory D:/fpga_projects/SDUP/projekt/vitis_ws/system_top_wrapper/hw
TRACE::2023-05-08.20:06:06::SCWPlatform:: Platform Path D:/fpga_projects/SDUP/projekt/vitis_ws/system_top_wrapper/hw/system_top_wrapper.xsa
TRACE::2023-05-08.20:06:06::SCWPlatform:: Unique name xilinx:cora-z7-07s::0.0
TRACE::2023-05-08.20:06:06::SCWPlatform::Trying to set the existing hwdb with name system_top_wrapper_0
TRACE::2023-05-08.20:06:06::SCWPlatform::Opened existing hwdb system_top_wrapper_0
TRACE::2023-05-08.20:06:06::SCWPlatform::Found the Hw Db part of the input DSA
TRACE::2023-05-08.20:06:06::SCWMssOS::Checking the sw design at  D:/fpga_projects/SDUP/projekt/vitis_ws/system_top_wrapper/microblaze_0/standalone_microblaze_0/bsp/system.mss
TRACE::2023-05-08.20:06:06::SCWMssOS::DEBUG:  swdes dump  D:/fpga_projects/SDUP/projekt/vitis_ws/system_top_wrapper/microblaze_0/standalone_microblaze_0/bsp/system.mss|system||

TRACE::2023-05-08.20:06:06::SCWMssOS::Sw design exists and opened at  D:/fpga_projects/SDUP/projekt/vitis_ws/system_top_wrapper/microblaze_0/standalone_microblaze_0/bsp/system.mss
TRACE::2023-05-08.20:06:06::SCWPlatform::Trying to open the hw design at D:/fpga_projects/SDUP/projekt/vitis_ws/system_top_wrapper/hw/system_top_wrapper.xsa
TRACE::2023-05-08.20:06:06::SCWPlatform::DSA given D:/fpga_projects/SDUP/projekt/vitis_ws/system_top_wrapper/hw/system_top_wrapper.xsa
TRACE::2023-05-08.20:06:06::SCWPlatform::DSA absoulate path D:/fpga_projects/SDUP/projekt/vitis_ws/system_top_wrapper/hw/system_top_wrapper.xsa
TRACE::2023-05-08.20:06:06::SCWPlatform::DSA directory D:/fpga_projects/SDUP/projekt/vitis_ws/system_top_wrapper/hw
TRACE::2023-05-08.20:06:06::SCWPlatform:: Platform Path D:/fpga_projects/SDUP/projekt/vitis_ws/system_top_wrapper/hw/system_top_wrapper.xsa
TRACE::2023-05-08.20:06:06::SCWPlatform:: Unique name xilinx:cora-z7-07s::0.0
TRACE::2023-05-08.20:06:06::SCWPlatform::Trying to set the existing hwdb with name system_top_wrapper_0
TRACE::2023-05-08.20:06:06::SCWPlatform::Opened existing hwdb system_top_wrapper_0
TRACE::2023-05-08.20:06:06::SCWPlatform::Found the Hw Db part of the input DSA
TRACE::2023-05-08.20:06:06::SCWMssOS::Checking the sw design at  D:/fpga_projects/SDUP/projekt/vitis_ws/system_top_wrapper/microblaze_0/standalone_microblaze_0/bsp/system.mss
TRACE::2023-05-08.20:06:06::SCWMssOS::DEBUG:  swdes dump  D:/fpga_projects/SDUP/projekt/vitis_ws/system_top_wrapper/microblaze_0/standalone_microblaze_0/bsp/system.mss|system||

TRACE::2023-05-08.20:06:06::SCWMssOS::Sw design exists and opened at  D:/fpga_projects/SDUP/projekt/vitis_ws/system_top_wrapper/microblaze_0/standalone_microblaze_0/bsp/system.mss
TRACE::2023-05-08.20:06:06::SCWPlatform::Trying to open the hw design at D:/fpga_projects/SDUP/projekt/vitis_ws/system_top_wrapper/hw/system_top_wrapper.xsa
TRACE::2023-05-08.20:06:06::SCWPlatform::DSA given D:/fpga_projects/SDUP/projekt/vitis_ws/system_top_wrapper/hw/system_top_wrapper.xsa
TRACE::2023-05-08.20:06:06::SCWPlatform::DSA absoulate path D:/fpga_projects/SDUP/projekt/vitis_ws/system_top_wrapper/hw/system_top_wrapper.xsa
TRACE::2023-05-08.20:06:06::SCWPlatform::DSA directory D:/fpga_projects/SDUP/projekt/vitis_ws/system_top_wrapper/hw
TRACE::2023-05-08.20:06:06::SCWPlatform:: Platform Path D:/fpga_projects/SDUP/projekt/vitis_ws/system_top_wrapper/hw/system_top_wrapper.xsa
TRACE::2023-05-08.20:06:06::SCWPlatform:: Unique name xilinx:cora-z7-07s::0.0
TRACE::2023-05-08.20:06:06::SCWPlatform::Trying to set the existing hwdb with name system_top_wrapper_0
TRACE::2023-05-08.20:06:06::SCWPlatform::Opened existing hwdb system_top_wrapper_0
TRACE::2023-05-08.20:06:06::SCWPlatform::Found the Hw Db part of the input DSA
TRACE::2023-05-08.20:06:06::SCWMssOS::Checking the sw design at  D:/fpga_projects/SDUP/projekt/vitis_ws/system_top_wrapper/microblaze_0/standalone_microblaze_0/bsp/system.mss
TRACE::2023-05-08.20:06:06::SCWMssOS::DEBUG:  swdes dump  D:/fpga_projects/SDUP/projekt/vitis_ws/system_top_wrapper/microblaze_0/standalone_microblaze_0/bsp/system.mss|system||

TRACE::2023-05-08.20:06:06::SCWMssOS::Sw design exists and opened at  D:/fpga_projects/SDUP/projekt/vitis_ws/system_top_wrapper/microblaze_0/standalone_microblaze_0/bsp/system.mss
TRACE::2023-05-08.20:06:06::SCWWriter::formatted JSON is {
	"platformName":	"system_top_wrapper",
	"sprVersion":	"2.0",
	"mode":	"gui",
	"dsaType":	"Fixed",
	"platformDesc":	"system_top_wrapper",
	"platHandOff":	"D:/fpga_projects/SDUP/projekt/nlms_acc/system_top_wrapper.xsa",
	"platIntHandOff":	"<platformDir>/hw/system_top_wrapper.xsa",
	"deviceType":	"FPGA",
	"platIsPrebuiltAutogen":	"false",
	"platIsNoBootBsp":	"false",
	"hasFsblMakeHasChanges":	"false",
	"hasPmufwMakeHasChanges":	"false",
	"platPreBuiltFlag":	false,
	"platformSamplesDir":	"",
	"platActiveSys":	"system_top_wrapper",
	"systems":	[{
			"systemName":	"system_top_wrapper",
			"systemDesc":	"system_top_wrapper",
			"sysIsBootAutoGen":	"true",
			"systemDispName":	"system_top_wrapper",
			"sysActiveDom":	"standalone_microblaze_0",
			"sysDefaultDom":	"standalone_microblaze_0",
			"domains":	[{
					"domainName":	"standalone_microblaze_0",
					"domainDispName":	"standalone_microblaze_0",
					"domainDesc":	"standalone_microblaze_0",
					"processors":	"microblaze_0",
					"os":	"standalone",
					"sdxOs":	"standalone",
					"debugEnable":	"False",
					"domRuntimes":	["cpp"],
					"swRepo":	"",
					"mssOsVer":	"8.0",
					"mssFile":	"",
					"md5Digest":	"b541e41fb17671fb07841146dc01388d",
					"compatibleApp":	"empty_application",
					"domType":	"mssDomain",
					"arch":	"32-bit",
					"appSettings":	{
						"appCompilerFlags":	"",
						"appLinkerFlags":	""
					},
					"addedLibs":	[],
					"libOptions":	{
						"libsContainingOptions":	[]
					},
					"prebuiltLibs":	{
						"prebuiltIncPath":	[],
						"prebuiltLibPath":	[]
					},
					"isolation":	{
					}
				}]
		}]
}
KEYINFO::2023-05-08.20:06:06::SCWPlatform::updated the xpfm file.
TRACE::2023-05-08.20:06:06::SCWPlatform::Trying to open the hw design at D:/fpga_projects/SDUP/projekt/vitis_ws/system_top_wrapper/hw/system_top_wrapper.xsa
TRACE::2023-05-08.20:06:06::SCWPlatform::DSA given D:/fpga_projects/SDUP/projekt/vitis_ws/system_top_wrapper/hw/system_top_wrapper.xsa
TRACE::2023-05-08.20:06:06::SCWPlatform::DSA absoulate path D:/fpga_projects/SDUP/projekt/vitis_ws/system_top_wrapper/hw/system_top_wrapper.xsa
TRACE::2023-05-08.20:06:06::SCWPlatform::DSA directory D:/fpga_projects/SDUP/projekt/vitis_ws/system_top_wrapper/hw
TRACE::2023-05-08.20:06:06::SCWPlatform:: Platform Path D:/fpga_projects/SDUP/projekt/vitis_ws/system_top_wrapper/hw/system_top_wrapper.xsa
TRACE::2023-05-08.20:06:06::SCWPlatform:: Unique name xilinx:cora-z7-07s::0.0
TRACE::2023-05-08.20:06:06::SCWPlatform::Trying to set the existing hwdb with name system_top_wrapper_0
TRACE::2023-05-08.20:06:06::SCWPlatform::Opened existing hwdb system_top_wrapper_0
TRACE::2023-05-08.20:06:06::SCWPlatform::Found the Hw Db part of the input DSA
TRACE::2023-05-08.20:06:06::SCWMssOS::Checking the sw design at  D:/fpga_projects/SDUP/projekt/vitis_ws/system_top_wrapper/microblaze_0/standalone_microblaze_0/bsp/system.mss
TRACE::2023-05-08.20:06:06::SCWMssOS::DEBUG:  swdes dump  D:/fpga_projects/SDUP/projekt/vitis_ws/system_top_wrapper/microblaze_0/standalone_microblaze_0/bsp/system.mss|system||

TRACE::2023-05-08.20:06:06::SCWMssOS::Sw design exists and opened at  D:/fpga_projects/SDUP/projekt/vitis_ws/system_top_wrapper/microblaze_0/standalone_microblaze_0/bsp/system.mss
