Copyright 1986-2022 Xilinx, Inc. All Rights Reserved.
------------------------------------------------------------------------------------
| Tool Version : Vivado v.2022.2 (win64) Build 3671981 Fri Oct 14 05:00:03 MDT 2022
| Date         : Sun Jun 18 13:53:55 2023
| Host         : DESKTOP-P6SHRJL running 64-bit major release  (build 9200)
| Command      : upgrade_ip
| Device       : xc7z007sclg400-1
------------------------------------------------------------------------------------

Upgrade Log for IP 'system_top_nlms_top_0_1'

1. Summary
----------

SUCCESS in the upgrade of system_top_nlms_top_0_1 from xilinx.com:user:nlms_top:1.6 (Rev. 12) to xilinx.com:user:nlms_top:1.61 (Rev. 14)






Copyright 1986-2022 Xilinx, Inc. All Rights Reserved.
------------------------------------------------------------------------------------
| Tool Version : Vivado v.2022.2 (win64) Build 3671981 Fri Oct 14 05:00:03 MDT 2022
| Date         : Sun Jun 18 13:15:06 2023
| Host         : DESKTOP-P6SHRJL running 64-bit major release  (build 9200)
| Command      : upgrade_ip
| Device       : xc7z007sclg400-1
------------------------------------------------------------------------------------

Upgrade Log for IP 'system_top_nlms_top_0_0'

1. Summary
----------

SUCCESS in the upgrade of system_top_nlms_top_0_0 from xilinx.com:user:nlms_top:1.4 (Rev. 7) to xilinx.com:user:nlms_top:1.55 (Rev. 11)






Copyright 1986-2022 Xilinx, Inc. All Rights Reserved.
------------------------------------------------------------------------------------
| Tool Version : Vivado v.2022.2 (win64) Build 3671981 Fri Oct 14 05:00:03 MDT 2022
| Date         : Sun Jun 18 00:45:49 2023
| Host         : DESKTOP-P6SHRJL running 64-bit major release  (build 9200)
| Command      : upgrade_ip
| Device       : xc7z007sclg400-1
------------------------------------------------------------------------------------

Upgrade Log for IP 'system_top_nlms_top_0_0'

1. Summary
----------

SUCCESS in the upgrade of system_top_nlms_top_0_0 from xilinx.com:user:nlms_top:1.3 (Rev. 5) to xilinx.com:user:nlms_top:1.4 (Rev. 7)






Copyright 1986-2022 Xilinx, Inc. All Rights Reserved.
------------------------------------------------------------------------------------
| Tool Version : Vivado v.2022.2 (win64) Build 3671981 Fri Oct 14 05:00:03 MDT 2022
| Date         : Sat Jun 17 23:36:43 2023
| Host         : DESKTOP-P6SHRJL running 64-bit major release  (build 9200)
| Command      : upgrade_ip
| Device       : xc7z007sclg400-1
------------------------------------------------------------------------------------

Upgrade Log for IP 'system_top_nlms_top_0_0'

1. Summary
----------

SUCCESS in the upgrade of system_top_nlms_top_0_0 from xilinx.com:user:nlms_top:1.2 (Rev. 4) to xilinx.com:user:nlms_top:1.3 (Rev. 5)






Copyright 1986-2022 Xilinx, Inc. All Rights Reserved.
------------------------------------------------------------------------------------
| Tool Version : Vivado v.2022.2 (win64) Build 3671981 Fri Oct 14 05:00:03 MDT 2022
| Date         : Sat Jun 17 23:10:19 2023
| Host         : DESKTOP-P6SHRJL running 64-bit major release  (build 9200)
| Command      : upgrade_ip
| Device       : xc7z007sclg400-1
------------------------------------------------------------------------------------

Upgrade Log for IP 'system_top_nlms_top_0_0'

1. Summary
----------

CAUTION (success, with warnings) in the upgrade of system_top_nlms_top_0_0 from xilinx.com:user:nlms_top:1.1 (Rev. 3) to xilinx.com:user:nlms_top:1.2 (Rev. 4)

After upgrade, an IP may have parameter differences compared to the original customization. Please review the parameters within the IP customization GUI to ensure proper functionality.

2. Customization warnings
-------------------------

Parameter 'LOG2_H_BUFF_HEIGHT' is no longer present on the upgraded IP 'system_top_nlms_top_0_0', and cannot be set to '7'

Parameter 'LOG2_X_D_BUFF_HEIGHT' is no longer present on the upgraded IP 'system_top_nlms_top_0_0', and cannot be set to '7'

Parameter 'SAMPLE_WIDTH' is no longer present on the upgraded IP 'system_top_nlms_top_0_0', and cannot be set to '16'

Parameter 'LOG2_NUM_MULS' is no longer present on the upgraded IP 'system_top_nlms_top_0_0', and cannot be set to '2'

Parameter 'SAMPLE_Q_FORMAT' is no longer present on the upgraded IP 'system_top_nlms_top_0_0', and cannot be set to '8'

Parameter 'BRAM_ADDR_WIDTH' is no longer present on the upgraded IP 'system_top_nlms_top_0_0', and cannot be set to '12'

Parameter 'BRAM_DATA_WIDTH' is no longer present on the upgraded IP 'system_top_nlms_top_0_0', and cannot be set to '32'


3. Debug Commands
-----------------

  The following debug information can be passed to Vivado as Tcl commands,
in order to validate or debug the output of the upgrade flow.
  You may consult any warnings from within this upgrade, and alter or remove
the configuration parameter(s) which caused the warning; then execute the Tcl
commands, and use the IP Customization GUI to verify the IP configuration.

create_ip -vlnv xilinx.com:user:nlms_top:1.2 -user_name system_top_nlms_top_0_0
set_property -dict "\
  CONFIG.BRAM_A.MASTER_TYPE {OTHER} \
  CONFIG.BRAM_A.MEM_ECC {NONE} \
  CONFIG.BRAM_A.MEM_SIZE {8192} \
  CONFIG.BRAM_A.MEM_WIDTH {32} \
  CONFIG.BRAM_A.READ_LATENCY {1} \
  CONFIG.BRAM_A.READ_WRITE_MODE {} \
  CONFIG.BRAM_B.MASTER_TYPE {OTHER} \
  CONFIG.BRAM_B.MEM_ECC {NONE} \
  CONFIG.BRAM_B.MEM_SIZE {8192} \
  CONFIG.BRAM_B.MEM_WIDTH {32} \
  CONFIG.BRAM_B.NUM_READ_OUTSTANDING {} \
  CONFIG.BRAM_B.NUM_WRITE_OUTSTANDING {} \
  CONFIG.BRAM_B.READ_LATENCY {1} \
  CONFIG.BRAM_B.READ_WRITE_MODE {} \
  CONFIG.Component_Name {system_top_nlms_top_0_0} " [get_ips system_top_nlms_top_0_0]







Copyright 1986-2022 Xilinx, Inc. All Rights Reserved.
------------------------------------------------------------------------------------
| Tool Version : Vivado v.2022.2 (win64) Build 3671981 Fri Oct 14 05:00:03 MDT 2022
| Date         : Sat Jun 17 22:45:28 2023
| Host         : DESKTOP-P6SHRJL running 64-bit major release  (build 9200)
| Command      : upgrade_ip
| Device       : xc7z007sclg400-1
------------------------------------------------------------------------------------

Upgrade Log for IP 'system_top_nlms_top_0_0'

1. Summary
----------

SUCCESS in the upgrade of system_top_nlms_top_0_0 from xilinx.com:user:nlms_top:1.0 (Rev. 2) to xilinx.com:user:nlms_top:1.1 (Rev. 3)

